[2018-09-06 17:37:45][main.py:336] results will be saved to /home/yy785/DeepMuRC/budgeted_stream/results/DaRe
[2018-09-06 17:37:45][main.py:337] logger file: distance_confidence.log
[2018-09-06 17:37:46][main.py:231] loading data
[2018-09-06 17:37:58][main.py:233] finished loading data
[2018-09-06 17:37:58][main.py:242] -> confidence function: distance
[2018-09-06 17:37:58][main.py:246] -> test on budget = 523568640.00, 564767137.96, 605965635.92, 647164133.88, 688362631.84, 729561129.80, 770759627.76, 811958125.71, 853156623.67, 894355121.63, 935553619.59, 976752117.55, 1017950615.51, 1059149113.47, 1100347611.43, 1141546109.39, 1182744607.35, 1223943105.31, 1265141603.27, 1306340101.22, 1347538599.18, 1388737097.14, 1429935595.10, 1471134093.06, 1512332591.02, 1553531088.98, 1594729586.94, 1635928084.90, 1677126582.86, 1718325080.82, 1759523578.78, 1800722076.73, 1841920574.69, 1883119072.65, 1924317570.61, 1965516068.57, 2006714566.53, 2047913064.49, 2089111562.45, 2130310060.41, 2171508558.37, 2212707056.33, 2253905554.29, 2295104052.24, 2336302550.20, 2377501048.16, 2418699546.12, 2459898044.08, 2501096542.04, 2542295040.00
[2018-09-06 17:37:58][main.py:249] -> stream budgeted simulation begins
[2018-09-06 17:37:58][main.py:276] >> test case 0
[2018-09-06 17:37:58][main.py:279]    expected p = 100.000%, 0.000%, 0.000%, 0.000%
[2018-09-06 17:37:58][main.py:280]    expected average budget = 523568640.00 macc
[2018-09-06 17:38:01][main.py:293]    resulted average budget = 523568640.00 macc
[2018-09-06 17:38:01][main.py:294]    resulted p = 100.000%, 0.000%, 0.000%, 0.000%
[2018-09-06 17:38:45][main.py:302]    CMC rank-1 = 65.439%, mAP = 43.457%
[2018-09-06 17:38:45][main.py:309]       exit on stage 1: 100.000% (3368 / 3368)
[2018-09-06 17:38:45][main.py:309]       exit on stage 2: 0.000% (0 / 3368)
[2018-09-06 17:38:45][main.py:309]       exit on stage 3: 0.000% (0 / 3368)
[2018-09-06 17:38:45][main.py:309]       exit on stage f: 0.000% (0 / 3368)
[2018-09-06 17:38:45][main.py:276] >> test case 1
[2018-09-06 17:38:45][main.py:279]    expected p = 93.967%, 5.670%, 0.342%, 0.021%
[2018-09-06 17:38:45][main.py:280]    expected average budget = 564767137.96 macc
[2018-09-06 17:38:47][main.py:293]    resulted average budget = 560218717.95 macc
[2018-09-06 17:38:47][main.py:294]    resulted p = 94.952%, 4.543%, 0.416%, 0.089%
[2018-09-06 17:39:30][main.py:302]    CMC rank-1 = 67.221%, mAP = 44.738%
[2018-09-06 17:39:30][main.py:309]       exit on stage 1: 94.952% (3198 / 3368)
[2018-09-06 17:39:30][main.py:309]       exit on stage 2: 4.543% (153 / 3368)
[2018-09-06 17:39:30][main.py:309]       exit on stage 3: 0.416% (14 / 3368)
[2018-09-06 17:39:30][main.py:309]       exit on stage f: 0.089% (3 / 3368)
[2018-09-06 17:39:30][main.py:276] >> test case 2
[2018-09-06 17:39:30][main.py:279]    expected p = 88.763%, 9.987%, 1.124%, 0.126%
[2018-09-06 17:39:30][main.py:280]    expected average budget = 605965635.92 macc
[2018-09-06 17:39:33][main.py:293]    resulted average budget = 597390863.81 macc
[2018-09-06 17:39:33][main.py:294]    resulted p = 90.469%, 8.076%, 1.277%, 0.178%
[2018-09-06 17:40:14][main.py:302]    CMC rank-1 = 68.349%, mAP = 45.867%
[2018-09-06 17:40:14][main.py:309]       exit on stage 1: 90.469% (3047 / 3368)
[2018-09-06 17:40:14][main.py:309]       exit on stage 2: 8.076% (272 / 3368)
[2018-09-06 17:40:14][main.py:309]       exit on stage 3: 1.277% (43 / 3368)
[2018-09-06 17:40:14][main.py:309]       exit on stage f: 0.178% (6 / 3368)
[2018-09-06 17:40:14][main.py:276] >> test case 3
[2018-09-06 17:40:14][main.py:279]    expected p = 84.129%, 13.397%, 2.133%, 0.340%
[2018-09-06 17:40:14][main.py:280]    expected average budget = 647164133.88 macc
[2018-09-06 17:40:17][main.py:293]    resulted average budget = 628255244.47 macc
[2018-09-06 17:40:17][main.py:294]    resulted p = 86.520%, 11.431%, 1.722%, 0.327%
[2018-09-06 17:40:57][main.py:302]    CMC rank-1 = 69.656%, mAP = 46.920%
[2018-09-06 17:40:57][main.py:309]       exit on stage 1: 86.520% (2914 / 3368)
[2018-09-06 17:40:57][main.py:309]       exit on stage 2: 11.431% (385 / 3368)
[2018-09-06 17:40:57][main.py:309]       exit on stage 3: 1.722% (58 / 3368)
[2018-09-06 17:40:57][main.py:309]       exit on stage f: 0.327% (11 / 3368)
[2018-09-06 17:40:57][main.py:276] >> test case 4
[2018-09-06 17:40:57][main.py:279]    expected p = 79.914%, 16.158%, 3.267%, 0.661%
[2018-09-06 17:40:57][main.py:280]    expected average budget = 688362631.84 macc
[2018-09-06 17:41:00][main.py:293]    resulted average budget = 662237323.86 macc
[2018-09-06 17:41:00][main.py:294]    resulted p = 82.571%, 14.460%, 2.464%, 0.505%
[2018-09-06 17:41:40][main.py:302]    CMC rank-1 = 70.457%, mAP = 47.925%
[2018-09-06 17:41:40][main.py:309]       exit on stage 1: 82.571% (2781 / 3368)
[2018-09-06 17:41:40][main.py:309]       exit on stage 2: 14.460% (487 / 3368)
[2018-09-06 17:41:40][main.py:309]       exit on stage 3: 2.464% (83 / 3368)
[2018-09-06 17:41:40][main.py:309]       exit on stage f: 0.505% (17 / 3368)
[2018-09-06 17:41:40][main.py:276] >> test case 5
[2018-09-06 17:41:40][main.py:279]    expected p = 76.022%, 18.428%, 4.467%, 1.083%
[2018-09-06 17:41:40][main.py:280]    expected average budget = 729561129.80 macc
[2018-09-06 17:41:43][main.py:293]    resulted average budget = 702563324.81 macc
[2018-09-06 17:41:43][main.py:294]    resulted p = 78.800%, 16.538%, 3.890%, 0.772%
[2018-09-06 17:42:22][main.py:302]    CMC rank-1 = 71.526%, mAP = 48.870%
[2018-09-06 17:42:22][main.py:309]       exit on stage 1: 78.800% (2654 / 3368)
[2018-09-06 17:42:22][main.py:309]       exit on stage 2: 16.538% (557 / 3368)
[2018-09-06 17:42:22][main.py:309]       exit on stage 3: 3.890% (131 / 3368)
[2018-09-06 17:42:22][main.py:309]       exit on stage f: 0.772% (26 / 3368)
[2018-09-06 17:42:22][main.py:276] >> test case 6
[2018-09-06 17:42:22][main.py:279]    expected p = 72.387%, 20.313%, 5.700%, 1.600%
[2018-09-06 17:42:22][main.py:280]    expected average budget = 770759627.76 macc
[2018-09-06 17:42:26][main.py:293]    resulted average budget = 733098727.37 macc
[2018-09-06 17:42:26][main.py:294]    resulted p = 75.861%, 18.319%, 4.721%, 1.099%
[2018-09-06 17:43:04][main.py:302]    CMC rank-1 = 72.268%, mAP = 49.658%
[2018-09-06 17:43:04][main.py:309]       exit on stage 1: 75.861% (2555 / 3368)
[2018-09-06 17:43:04][main.py:309]       exit on stage 2: 18.319% (617 / 3368)
[2018-09-06 17:43:04][main.py:309]       exit on stage 3: 4.721% (159 / 3368)
[2018-09-06 17:43:04][main.py:309]       exit on stage f: 1.099% (37 / 3368)
[2018-09-06 17:43:04][main.py:276] >> test case 7
[2018-09-06 17:43:04][main.py:279]    expected p = 68.965%, 21.886%, 6.945%, 2.204%
[2018-09-06 17:43:04][main.py:280]    expected average budget = 811958125.71 macc
[2018-09-06 17:43:08][main.py:293]    resulted average budget = 764426449.03 macc
[2018-09-06 17:43:08][main.py:294]    resulted p = 73.100%, 19.745%, 5.671%, 1.485%
[2018-09-06 17:43:47][main.py:302]    CMC rank-1 = 72.892%, mAP = 50.441%
[2018-09-06 17:43:47][main.py:309]       exit on stage 1: 73.100% (2462 / 3368)
[2018-09-06 17:43:47][main.py:309]       exit on stage 2: 19.745% (665 / 3368)
[2018-09-06 17:43:47][main.py:309]       exit on stage 3: 5.671% (191 / 3368)
[2018-09-06 17:43:47][main.py:309]       exit on stage f: 1.485% (50 / 3368)
[2018-09-06 17:43:47][main.py:276] >> test case 8
[2018-09-06 17:43:47][main.py:279]    expected p = 65.722%, 23.199%, 8.189%, 2.891%
[2018-09-06 17:43:47][main.py:280]    expected average budget = 853156623.67 macc
[2018-09-06 17:43:51][main.py:293]    resulted average budget = 795480568.70 macc
[2018-09-06 17:43:51][main.py:294]    resulted p = 70.309%, 21.140%, 6.888%, 1.663%
[2018-09-06 17:44:30][main.py:302]    CMC rank-1 = 73.575%, mAP = 51.279%
[2018-09-06 17:44:30][main.py:309]       exit on stage 1: 70.309% (2368 / 3368)
[2018-09-06 17:44:30][main.py:309]       exit on stage 2: 21.140% (712 / 3368)
[2018-09-06 17:44:30][main.py:309]       exit on stage 3: 6.888% (232 / 3368)
[2018-09-06 17:44:30][main.py:309]       exit on stage f: 1.663% (56 / 3368)
[2018-09-06 17:44:30][main.py:276] >> test case 9
[2018-09-06 17:44:30][main.py:279]    expected p = 62.634%, 24.291%, 9.421%, 3.654%
[2018-09-06 17:44:30][main.py:280]    expected average budget = 894355121.63 macc
[2018-09-06 17:44:34][main.py:293]    resulted average budget = 829188443.36 macc
[2018-09-06 17:44:34][main.py:294]    resulted p = 67.132%, 23.100%, 7.542%, 2.227%
[2018-09-06 17:45:12][main.py:302]    CMC rank-1 = 74.347%, mAP = 52.030%
[2018-09-06 17:45:12][main.py:309]       exit on stage 1: 67.132% (2261 / 3368)
[2018-09-06 17:45:12][main.py:309]       exit on stage 2: 23.100% (778 / 3368)
[2018-09-06 17:45:12][main.py:309]       exit on stage 3: 7.542% (254 / 3368)
[2018-09-06 17:45:12][main.py:309]       exit on stage f: 2.227% (75 / 3368)
[2018-09-06 17:45:12][main.py:276] >> test case 10
[2018-09-06 17:45:12][main.py:279]    expected p = 59.681%, 25.194%, 10.635%, 4.490%
[2018-09-06 17:45:12][main.py:280]    expected average budget = 935553619.59 macc
[2018-09-06 17:45:16][main.py:293]    resulted average budget = 868869973.89 macc
[2018-09-06 17:45:16][main.py:294]    resulted p = 64.103%, 24.169%, 8.907%, 2.821%
[2018-09-06 17:45:53][main.py:302]    CMC rank-1 = 75.208%, mAP = 52.955%
[2018-09-06 17:45:53][main.py:309]       exit on stage 1: 64.103% (2159 / 3368)
[2018-09-06 17:45:53][main.py:309]       exit on stage 2: 24.169% (814 / 3368)
[2018-09-06 17:45:53][main.py:309]       exit on stage 3: 8.907% (300 / 3368)
[2018-09-06 17:45:53][main.py:309]       exit on stage f: 2.821% (95 / 3368)
[2018-09-06 17:45:53][main.py:276] >> test case 11
[2018-09-06 17:45:53][main.py:279]    expected p = 56.848%, 25.930%, 11.827%, 5.395%
[2018-09-06 17:45:53][main.py:280]    expected average budget = 976752117.55 macc
[2018-09-06 17:45:57][main.py:293]    resulted average budget = 905454540.77 macc
[2018-09-06 17:45:57][main.py:294]    resulted p = 61.787%, 24.406%, 10.333%, 3.474%
[2018-09-06 17:46:33][main.py:302]    CMC rank-1 = 75.920%, mAP = 53.828%
[2018-09-06 17:46:33][main.py:309]       exit on stage 1: 61.787% (2081 / 3368)
[2018-09-06 17:46:33][main.py:309]       exit on stage 2: 24.406% (822 / 3368)
[2018-09-06 17:46:33][main.py:309]       exit on stage 3: 10.333% (348 / 3368)
[2018-09-06 17:46:33][main.py:309]       exit on stage f: 3.474% (117 / 3368)
[2018-09-06 17:46:33][main.py:276] >> test case 12
[2018-09-06 17:46:33][main.py:279]    expected p = 54.124%, 26.518%, 12.992%, 6.366%
[2018-09-06 17:46:33][main.py:280]    expected average budget = 1017950615.51 macc
[2018-09-06 17:46:37][main.py:293]    resulted average budget = 942533528.78 macc
[2018-09-06 17:46:37][main.py:294]    resulted p = 59.086%, 25.178%, 11.728%, 4.008%
[2018-09-06 17:47:13][main.py:302]    CMC rank-1 = 76.722%, mAP = 54.687%
[2018-09-06 17:47:13][main.py:309]       exit on stage 1: 59.086% (1990 / 3368)
[2018-09-06 17:47:13][main.py:309]       exit on stage 2: 25.178% (848 / 3368)
[2018-09-06 17:47:13][main.py:309]       exit on stage 3: 11.728% (395 / 3368)
[2018-09-06 17:47:13][main.py:309]       exit on stage f: 4.008% (135 / 3368)
[2018-09-06 17:47:13][main.py:276] >> test case 13
[2018-09-06 17:47:13][main.py:279]    expected p = 51.498%, 26.974%, 14.128%, 7.400%
[2018-09-06 17:47:13][main.py:280]    expected average budget = 1059149113.47 macc
[2018-09-06 17:47:18][main.py:293]    resulted average budget = 983732488.51 macc
[2018-09-06 17:47:18][main.py:294]    resulted p = 56.295%, 25.742%, 13.242%, 4.721%
[2018-09-06 17:47:54][main.py:302]    CMC rank-1 = 77.702%, mAP = 55.672%
[2018-09-06 17:47:54][main.py:309]       exit on stage 1: 56.295% (1896 / 3368)
[2018-09-06 17:47:54][main.py:309]       exit on stage 2: 25.742% (867 / 3368)
[2018-09-06 17:47:54][main.py:309]       exit on stage 3: 13.242% (446 / 3368)
[2018-09-06 17:47:54][main.py:309]       exit on stage f: 4.721% (159 / 3368)
[2018-09-06 17:47:54][main.py:276] >> test case 14
[2018-09-06 17:47:54][main.py:279]    expected p = 48.963%, 27.309%, 15.232%, 8.496%
[2018-09-06 17:47:54][main.py:280]    expected average budget = 1100347611.43 macc
[2018-09-06 17:47:59][main.py:293]    resulted average budget = 1020611419.97 macc
[2018-09-06 17:47:59][main.py:294]    resulted p = 53.741%, 26.395%, 14.400%, 5.463%
[2018-09-06 17:48:34][main.py:302]    CMC rank-1 = 78.296%, mAP = 56.339%
[2018-09-06 17:48:34][main.py:309]       exit on stage 1: 53.741% (1810 / 3368)
[2018-09-06 17:48:34][main.py:309]       exit on stage 2: 26.395% (889 / 3368)
[2018-09-06 17:48:34][main.py:309]       exit on stage 3: 14.400% (485 / 3368)
[2018-09-06 17:48:34][main.py:309]       exit on stage f: 5.463% (184 / 3368)
[2018-09-06 17:48:34][main.py:276] >> test case 15
[2018-09-06 17:48:34][main.py:279]    expected p = 46.510%, 27.536%, 16.302%, 9.651%
[2018-09-06 17:48:34][main.py:280]    expected average budget = 1141546109.39 macc
[2018-09-06 17:48:39][main.py:293]    resulted average budget = 1054317879.33 macc
[2018-09-06 17:48:39][main.py:294]    resulted p = 51.425%, 26.871%, 15.736%, 5.968%
[2018-09-06 17:49:13][main.py:302]    CMC rank-1 = 79.008%, mAP = 57.058%
[2018-09-06 17:49:13][main.py:309]       exit on stage 1: 51.425% (1732 / 3368)
[2018-09-06 17:49:13][main.py:309]       exit on stage 2: 26.871% (905 / 3368)
[2018-09-06 17:49:13][main.py:309]       exit on stage 3: 15.736% (530 / 3368)
[2018-09-06 17:49:13][main.py:309]       exit on stage f: 5.968% (201 / 3368)
[2018-09-06 17:49:13][main.py:276] >> test case 16
[2018-09-06 17:49:13][main.py:279]    expected p = 44.136%, 27.662%, 17.337%, 10.865%
[2018-09-06 17:49:13][main.py:280]    expected average budget = 1182744607.35 macc
[2018-09-06 17:49:18][main.py:293]    resulted average budget = 1096685760.30 macc
[2018-09-06 17:49:18][main.py:294]    resulted p = 48.901%, 27.138%, 16.746%, 7.215%
[2018-09-06 17:49:53][main.py:302]    CMC rank-1 = 79.691%, mAP = 57.774%
[2018-09-06 17:49:53][main.py:309]       exit on stage 1: 48.901% (1647 / 3368)
[2018-09-06 17:49:53][main.py:309]       exit on stage 2: 27.138% (914 / 3368)
[2018-09-06 17:49:53][main.py:309]       exit on stage 3: 16.746% (564 / 3368)
[2018-09-06 17:49:53][main.py:309]       exit on stage f: 7.215% (243 / 3368)
[2018-09-06 17:49:53][main.py:276] >> test case 17
[2018-09-06 17:49:53][main.py:279]    expected p = 41.835%, 27.695%, 18.334%, 12.137%
[2018-09-06 17:49:53][main.py:280]    expected average budget = 1223943105.31 macc
[2018-09-06 17:49:57][main.py:293]    resulted average budget = 1138628419.65 macc
[2018-09-06 17:49:57][main.py:294]    resulted p = 46.200%, 27.643%, 17.904%, 8.254%
[2018-09-06 17:50:31][main.py:302]    CMC rank-1 = 80.255%, mAP = 58.627%
[2018-09-06 17:50:31][main.py:309]       exit on stage 1: 46.200% (1556 / 3368)
[2018-09-06 17:50:31][main.py:309]       exit on stage 2: 27.643% (931 / 3368)
[2018-09-06 17:50:31][main.py:309]       exit on stage 3: 17.904% (603 / 3368)
[2018-09-06 17:50:31][main.py:309]       exit on stage f: 8.254% (278 / 3368)
[2018-09-06 17:50:31][main.py:276] >> test case 18
[2018-09-06 17:50:31][main.py:279]    expected p = 39.603%, 27.641%, 19.292%, 13.465%
[2018-09-06 17:50:31][main.py:280]    expected average budget = 1265141603.27 macc
[2018-09-06 17:50:36][main.py:293]    resulted average budget = 1172701191.14 macc
[2018-09-06 17:50:36][main.py:294]    resulted p = 44.299%, 27.643%, 18.795%, 9.264%
[2018-09-06 17:51:10][main.py:302]    CMC rank-1 = 80.879%, mAP = 59.336%
[2018-09-06 17:51:10][main.py:309]       exit on stage 1: 44.299% (1492 / 3368)
[2018-09-06 17:51:10][main.py:309]       exit on stage 2: 27.643% (931 / 3368)
[2018-09-06 17:51:10][main.py:309]       exit on stage 3: 18.795% (633 / 3368)
[2018-09-06 17:51:10][main.py:309]       exit on stage f: 9.264% (312 / 3368)
[2018-09-06 17:51:10][main.py:276] >> test case 19
[2018-09-06 17:51:10][main.py:279]    expected p = 37.436%, 27.506%, 20.209%, 14.849%
[2018-09-06 17:51:10][main.py:280]    expected average budget = 1306340101.22 macc
[2018-09-06 17:51:16][main.py:293]    resulted average budget = 1207659594.64 macc
[2018-09-06 17:51:16][main.py:294]    resulted p = 42.162%, 27.821%, 19.982%, 10.036%
[2018-09-06 17:51:47][main.py:302]    CMC rank-1 = 81.354%, mAP = 60.028%
[2018-09-06 17:51:47][main.py:309]       exit on stage 1: 42.162% (1420 / 3368)
[2018-09-06 17:51:47][main.py:309]       exit on stage 2: 27.821% (937 / 3368)
[2018-09-06 17:51:47][main.py:309]       exit on stage 3: 19.982% (673 / 3368)
[2018-09-06 17:51:47][main.py:309]       exit on stage f: 10.036% (338 / 3368)
[2018-09-06 17:51:47][main.py:276] >> test case 20
[2018-09-06 17:51:47][main.py:279]    expected p = 35.332%, 27.294%, 21.085%, 16.288%
[2018-09-06 17:51:47][main.py:280]    expected average budget = 1347538599.18 macc
[2018-09-06 17:51:52][main.py:293]    resulted average budget = 1245817751.87 macc
[2018-09-06 17:51:52][main.py:294]    resulted p = 39.964%, 27.999%, 20.754%, 11.283%
[2018-09-06 17:52:24][main.py:302]    CMC rank-1 = 82.067%, mAP = 60.819%
[2018-09-06 17:52:24][main.py:309]       exit on stage 1: 39.964% (1346 / 3368)
[2018-09-06 17:52:24][main.py:309]       exit on stage 2: 27.999% (943 / 3368)
[2018-09-06 17:52:24][main.py:309]       exit on stage 3: 20.754% (699 / 3368)
[2018-09-06 17:52:24][main.py:309]       exit on stage f: 11.283% (380 / 3368)
[2018-09-06 17:52:24][main.py:276] >> test case 21
[2018-09-06 17:52:24][main.py:279]    expected p = 33.289%, 27.011%, 21.917%, 17.784%
[2018-09-06 17:52:24][main.py:280]    expected average budget = 1388737097.14 macc
[2018-09-06 17:52:30][main.py:293]    resulted average budget = 1293475311.13 macc
[2018-09-06 17:52:30][main.py:294]    resulted p = 37.203%, 28.118%, 22.090%, 12.589%
[2018-09-06 17:53:02][main.py:302]    CMC rank-1 = 82.482%, mAP = 61.582%
[2018-09-06 17:53:02][main.py:309]       exit on stage 1: 37.203% (1253 / 3368)
[2018-09-06 17:53:02][main.py:309]       exit on stage 2: 28.118% (947 / 3368)
[2018-09-06 17:53:02][main.py:309]       exit on stage 3: 22.090% (744 / 3368)
[2018-09-06 17:53:02][main.py:309]       exit on stage f: 12.589% (424 / 3368)
[2018-09-06 17:53:02][main.py:276] >> test case 22
[2018-09-06 17:53:02][main.py:279]    expected p = 31.303%, 26.659%, 22.703%, 19.335%
[2018-09-06 17:53:02][main.py:280]    expected average budget = 1429935595.10 macc
[2018-09-06 17:53:07][main.py:293]    resulted average budget = 1327607987.23 macc
[2018-09-06 17:53:07][main.py:294]    resulted p = 35.392%, 28.118%, 22.595%, 13.895%
[2018-09-06 17:53:39][main.py:302]    CMC rank-1 = 82.809%, mAP = 62.130%
[2018-09-06 17:53:39][main.py:309]       exit on stage 1: 35.392% (1192 / 3368)
[2018-09-06 17:53:39][main.py:309]       exit on stage 2: 28.118% (947 / 3368)
[2018-09-06 17:53:39][main.py:309]       exit on stage 3: 22.595% (761 / 3368)
[2018-09-06 17:53:39][main.py:309]       exit on stage f: 13.895% (468 / 3368)
[2018-09-06 17:53:39][main.py:276] >> test case 23
[2018-09-06 17:53:39][main.py:279]    expected p = 29.374%, 26.241%, 23.442%, 20.942%
[2018-09-06 17:53:39][main.py:280]    expected average budget = 1471134093.06 macc
[2018-09-06 17:53:44][main.py:293]    resulted average budget = 1370847256.63 macc
[2018-09-06 17:53:44][main.py:294]    resulted p = 33.343%, 27.613%, 23.664%, 15.380%
[2018-09-06 17:54:16][main.py:302]    CMC rank-1 = 83.076%, mAP = 62.866%
[2018-09-06 17:54:16][main.py:309]       exit on stage 1: 33.343% (1123 / 3368)
[2018-09-06 17:54:16][main.py:309]       exit on stage 2: 27.613% (930 / 3368)
[2018-09-06 17:54:16][main.py:309]       exit on stage 3: 23.664% (797 / 3368)
[2018-09-06 17:54:16][main.py:309]       exit on stage f: 15.380% (518 / 3368)
[2018-09-06 17:54:16][main.py:276] >> test case 24
[2018-09-06 17:54:16][main.py:279]    expected p = 27.500%, 25.761%, 24.132%, 22.607%
[2018-09-06 17:54:16][main.py:280]    expected average budget = 1512332591.02 macc
[2018-09-06 17:54:23][main.py:293]    resulted average budget = 1413247550.48 macc
[2018-09-06 17:54:23][main.py:294]    resulted p = 31.324%, 27.197%, 24.525%, 16.954%
[2018-09-06 17:54:53][main.py:302]    CMC rank-1 = 83.403%, mAP = 63.520%
[2018-09-06 17:54:53][main.py:309]       exit on stage 1: 31.324% (1055 / 3368)
[2018-09-06 17:54:53][main.py:309]       exit on stage 2: 27.197% (916 / 3368)
[2018-09-06 17:54:53][main.py:309]       exit on stage 3: 24.525% (826 / 3368)
[2018-09-06 17:54:53][main.py:309]       exit on stage f: 16.954% (571 / 3368)
[2018-09-06 17:54:53][main.py:276] >> test case 25
[2018-09-06 17:54:53][main.py:279]    expected p = 25.679%, 25.221%, 24.771%, 24.329%
[2018-09-06 17:54:53][main.py:280]    expected average budget = 1553531088.98 macc
[2018-09-06 17:54:59][main.py:293]    resulted average budget = 1449869086.25 macc
[2018-09-06 17:54:59][main.py:294]    resulted p = 29.662%, 26.752%, 25.178%, 18.409%
[2018-09-06 17:55:29][main.py:302]    CMC rank-1 = 83.789%, mAP = 64.045%
[2018-09-06 17:55:29][main.py:309]       exit on stage 1: 29.662% (999 / 3368)
[2018-09-06 17:55:29][main.py:309]       exit on stage 2: 26.752% (901 / 3368)
[2018-09-06 17:55:29][main.py:309]       exit on stage 3: 25.178% (848 / 3368)
[2018-09-06 17:55:29][main.py:309]       exit on stage f: 18.409% (620 / 3368)
[2018-09-06 17:55:29][main.py:276] >> test case 26
[2018-09-06 17:55:29][main.py:279]    expected p = 23.912%, 24.623%, 25.356%, 26.110%
[2018-09-06 17:55:29][main.py:280]    expected average budget = 1594729586.94 macc
[2018-09-06 17:55:36][main.py:293]    resulted average budget = 1489830527.70 macc
[2018-09-06 17:55:36][main.py:294]    resulted p = 27.702%, 26.425%, 26.039%, 19.834%
[2018-09-06 17:56:05][main.py:302]    CMC rank-1 = 84.145%, mAP = 64.712%
[2018-09-06 17:56:05][main.py:309]       exit on stage 1: 27.702% (933 / 3368)
[2018-09-06 17:56:05][main.py:309]       exit on stage 2: 26.425% (890 / 3368)
[2018-09-06 17:56:05][main.py:309]       exit on stage 3: 26.039% (877 / 3368)
[2018-09-06 17:56:05][main.py:309]       exit on stage f: 19.834% (668 / 3368)
[2018-09-06 17:56:05][main.py:276] >> test case 27
[2018-09-06 17:56:05][main.py:279]    expected p = 22.196%, 23.969%, 25.884%, 27.952%
[2018-09-06 17:56:05][main.py:280]    expected average budget = 1635928084.90 macc
[2018-09-06 17:56:11][main.py:293]    resulted average budget = 1532594175.54 macc
[2018-09-06 17:56:11][main.py:294]    resulted p = 25.475%, 26.336%, 26.752%, 21.437%
[2018-09-06 17:56:41][main.py:302]    CMC rank-1 = 84.739%, mAP = 65.381%
[2018-09-06 17:56:41][main.py:309]       exit on stage 1: 25.475% (858 / 3368)
[2018-09-06 17:56:41][main.py:309]       exit on stage 2: 26.336% (887 / 3368)
[2018-09-06 17:56:41][main.py:309]       exit on stage 3: 26.752% (901 / 3368)
[2018-09-06 17:56:41][main.py:309]       exit on stage f: 21.437% (722 / 3368)
[2018-09-06 17:56:41][main.py:276] >> test case 28
[2018-09-06 17:56:41][main.py:279]    expected p = 20.532%, 23.261%, 26.352%, 29.855%
[2018-09-06 17:56:41][main.py:280]    expected average budget = 1677126582.86 macc
[2018-09-06 17:56:47][main.py:293]    resulted average budget = 1579120777.58 macc
[2018-09-06 17:56:47][main.py:294]    resulted p = 23.426%, 25.831%, 27.138%, 23.605%
[2018-09-06 17:57:15][main.py:302]    CMC rank-1 = 85.273%, mAP = 65.971%
[2018-09-06 17:57:15][main.py:309]       exit on stage 1: 23.426% (789 / 3368)
[2018-09-06 17:57:15][main.py:309]       exit on stage 2: 25.831% (870 / 3368)
[2018-09-06 17:57:15][main.py:309]       exit on stage 3: 27.138% (914 / 3368)
[2018-09-06 17:57:15][main.py:309]       exit on stage f: 23.605% (795 / 3368)
[2018-09-06 17:57:15][main.py:276] >> test case 29
[2018-09-06 17:57:15][main.py:279]    expected p = 18.919%, 22.500%, 26.758%, 31.823%
[2018-09-06 17:57:15][main.py:280]    expected average budget = 1718325080.82 macc
[2018-09-06 17:57:22][main.py:293]    resulted average budget = 1614743208.59 macc
[2018-09-06 17:57:22][main.py:294]    resulted p = 21.882%, 25.327%, 27.672%, 25.119%
[2018-09-06 17:57:51][main.py:302]    CMC rank-1 = 85.481%, mAP = 66.466%
[2018-09-06 17:57:51][main.py:309]       exit on stage 1: 21.882% (737 / 3368)
[2018-09-06 17:57:51][main.py:309]       exit on stage 2: 25.327% (853 / 3368)
[2018-09-06 17:57:51][main.py:309]       exit on stage 3: 27.672% (932 / 3368)
[2018-09-06 17:57:51][main.py:309]       exit on stage f: 25.119% (846 / 3368)
[2018-09-06 17:57:51][main.py:276] >> test case 30
[2018-09-06 17:57:51][main.py:279]    expected p = 17.357%, 21.687%, 27.098%, 33.858%
[2018-09-06 17:57:51][main.py:280]    expected average budget = 1759523578.78 macc
[2018-09-06 17:57:57][main.py:293]    resulted average budget = 1659005303.49 macc
[2018-09-06 17:57:57][main.py:294]    resulted p = 20.071%, 24.466%, 28.563%, 26.900%
[2018-09-06 17:58:25][main.py:302]    CMC rank-1 = 85.748%, mAP = 67.004%
[2018-09-06 17:58:25][main.py:309]       exit on stage 1: 20.071% (676 / 3368)
[2018-09-06 17:58:25][main.py:309]       exit on stage 2: 24.466% (824 / 3368)
[2018-09-06 17:58:25][main.py:309]       exit on stage 3: 28.563% (962 / 3368)
[2018-09-06 17:58:25][main.py:309]       exit on stage f: 26.900% (906 / 3368)
[2018-09-06 17:58:25][main.py:276] >> test case 31
[2018-09-06 17:58:25][main.py:279]    expected p = 15.847%, 20.825%, 27.366%, 35.962%
[2018-09-06 17:58:25][main.py:280]    expected average budget = 1800722076.73 macc
[2018-09-06 17:58:32][main.py:293]    resulted average budget = 1714080429.61 macc
[2018-09-06 17:58:32][main.py:294]    resulted p = 17.874%, 23.367%, 29.513%, 29.246%
[2018-09-06 17:59:00][main.py:302]    CMC rank-1 = 86.550%, mAP = 67.882%
[2018-09-06 17:59:00][main.py:309]       exit on stage 1: 17.874% (602 / 3368)
[2018-09-06 17:59:00][main.py:309]       exit on stage 2: 23.367% (787 / 3368)
[2018-09-06 17:59:00][main.py:309]       exit on stage 3: 29.513% (994 / 3368)
[2018-09-06 17:59:00][main.py:309]       exit on stage f: 29.246% (985 / 3368)
[2018-09-06 17:59:00][main.py:276] >> test case 32
[2018-09-06 17:59:00][main.py:279]    expected p = 14.389%, 19.913%, 27.559%, 38.139%
[2018-09-06 17:59:00][main.py:280]    expected average budget = 1841920574.69 macc
[2018-09-06 17:59:07][main.py:293]    resulted average budget = 1758106284.09 macc
[2018-09-06 17:59:07][main.py:294]    resulted p = 16.479%, 21.971%, 30.255%, 31.295%
[2018-09-06 17:59:34][main.py:302]    CMC rank-1 = 86.728%, mAP = 68.408%
[2018-09-06 17:59:34][main.py:309]       exit on stage 1: 16.479% (555 / 3368)
[2018-09-06 17:59:34][main.py:309]       exit on stage 2: 21.971% (740 / 3368)
[2018-09-06 17:59:34][main.py:309]       exit on stage 3: 30.255% (1019 / 3368)
[2018-09-06 17:59:34][main.py:309]       exit on stage f: 31.295% (1054 / 3368)
[2018-09-06 17:59:34][main.py:276] >> test case 33
[2018-09-06 17:59:34][main.py:279]    expected p = 12.984%, 18.954%, 27.670%, 40.393%
[2018-09-06 17:59:34][main.py:280]    expected average budget = 1883119072.65 macc
[2018-09-06 17:59:41][main.py:293]    resulted average budget = 1802114361.62 macc
[2018-09-06 17:59:41][main.py:294]    resulted p = 14.994%, 20.932%, 30.344%, 33.729%
[2018-09-06 18:00:08][main.py:302]    CMC rank-1 = 87.144%, mAP = 69.020%
[2018-09-06 18:00:08][main.py:309]       exit on stage 1: 14.994% (505 / 3368)
[2018-09-06 18:00:08][main.py:309]       exit on stage 2: 20.932% (705 / 3368)
[2018-09-06 18:00:08][main.py:309]       exit on stage 3: 30.344% (1022 / 3368)
[2018-09-06 18:00:08][main.py:309]       exit on stage f: 33.729% (1136 / 3368)
[2018-09-06 18:00:08][main.py:276] >> test case 34
[2018-09-06 18:00:08][main.py:279]    expected p = 11.632%, 17.947%, 27.692%, 42.729%
[2018-09-06 18:00:08][main.py:280]    expected average budget = 1924317570.61 macc
[2018-09-06 18:00:15][main.py:293]    resulted average budget = 1859696544.23 macc
[2018-09-06 18:00:15][main.py:294]    resulted p = 13.183%, 19.299%, 30.701%, 36.817%
[2018-09-06 18:00:44][main.py:302]    CMC rank-1 = 87.411%, mAP = 69.663%
[2018-09-06 18:00:44][main.py:309]       exit on stage 1: 13.183% (444 / 3368)
[2018-09-06 18:00:44][main.py:309]       exit on stage 2: 19.299% (650 / 3368)
[2018-09-06 18:00:44][main.py:309]       exit on stage 3: 30.701% (1034 / 3368)
[2018-09-06 18:00:44][main.py:309]       exit on stage f: 36.817% (1240 / 3368)
[2018-09-06 18:00:44][main.py:276] >> test case 35
[2018-09-06 18:00:44][main.py:279]    expected p = 10.334%, 16.894%, 27.619%, 45.152%
[2018-09-06 18:00:44][main.py:280]    expected average budget = 1965516068.57 macc
[2018-09-06 18:00:51][main.py:293]    resulted average budget = 1901135094.88 macc
[2018-09-06 18:00:51][main.py:294]    resulted p = 11.728%, 18.319%, 31.027%, 38.925%
[2018-09-06 18:01:17][main.py:302]    CMC rank-1 = 87.589%, mAP = 70.061%
[2018-09-06 18:01:17][main.py:309]       exit on stage 1: 11.728% (395 / 3368)
[2018-09-06 18:01:17][main.py:309]       exit on stage 2: 18.319% (617 / 3368)
[2018-09-06 18:01:17][main.py:309]       exit on stage 3: 31.027% (1045 / 3368)
[2018-09-06 18:01:17][main.py:309]       exit on stage f: 38.925% (1311 / 3368)
[2018-09-06 18:01:17][main.py:276] >> test case 36
[2018-09-06 18:01:17][main.py:279]    expected p = 9.093%, 15.796%, 27.441%, 47.669%
[2018-09-06 18:01:17][main.py:280]    expected average budget = 2006714566.53 macc
[2018-09-06 18:01:25][main.py:293]    resulted average budget = 1941720636.50 macc
[2018-09-06 18:01:25][main.py:294]    resulted p = 10.422%, 17.340%, 30.909%, 41.330%
[2018-09-06 18:01:51][main.py:302]    CMC rank-1 = 87.767%, mAP = 70.555%
[2018-09-06 18:01:51][main.py:309]       exit on stage 1: 10.422% (351 / 3368)
[2018-09-06 18:01:51][main.py:309]       exit on stage 2: 17.340% (584 / 3368)
[2018-09-06 18:01:51][main.py:309]       exit on stage 3: 30.909% (1041 / 3368)
[2018-09-06 18:01:51][main.py:309]       exit on stage f: 41.330% (1392 / 3368)
[2018-09-06 18:01:51][main.py:276] >> test case 37
[2018-09-06 18:01:51][main.py:279]    expected p = 7.910%, 14.654%, 27.147%, 50.289%
[2018-09-06 18:01:51][main.py:280]    expected average budget = 2047913064.49 macc
[2018-09-06 18:01:58][main.py:293]    resulted average budget = 1984165623.49 macc
[2018-09-06 18:01:58][main.py:294]    resulted p = 9.234%, 16.300%, 30.077%, 44.388%
[2018-09-06 18:02:24][main.py:302]    CMC rank-1 = 87.886%, mAP = 70.932%
[2018-09-06 18:02:24][main.py:309]       exit on stage 1: 9.234% (311 / 3368)
[2018-09-06 18:02:24][main.py:309]       exit on stage 2: 16.300% (549 / 3368)
[2018-09-06 18:02:24][main.py:309]       exit on stage 3: 30.077% (1013 / 3368)
[2018-09-06 18:02:24][main.py:309]       exit on stage f: 44.388% (1495 / 3368)
[2018-09-06 18:02:24][main.py:276] >> test case 38
[2018-09-06 18:02:24][main.py:279]    expected p = 6.788%, 13.469%, 26.723%, 53.020%
[2018-09-06 18:02:24][main.py:280]    expected average budget = 2089111562.45 macc
[2018-09-06 18:02:32][main.py:293]    resulted average budget = 2038368365.76 macc
[2018-09-06 18:02:32][main.py:294]    resulted p = 7.571%, 14.757%, 30.255%, 47.417%
[2018-09-06 18:02:57][main.py:302]    CMC rank-1 = 88.094%, mAP = 71.485%
[2018-09-06 18:02:57][main.py:309]       exit on stage 1: 7.571% (255 / 3368)
[2018-09-06 18:02:57][main.py:309]       exit on stage 2: 14.757% (497 / 3368)
[2018-09-06 18:02:57][main.py:309]       exit on stage 3: 30.255% (1019 / 3368)
[2018-09-06 18:02:57][main.py:309]       exit on stage f: 47.417% (1597 / 3368)
[2018-09-06 18:02:57][main.py:276] >> test case 39
[2018-09-06 18:02:57][main.py:279]    expected p = 5.730%, 12.241%, 26.153%, 55.876%
[2018-09-06 18:02:57][main.py:280]    expected average budget = 2130310060.41 macc
[2018-09-06 18:03:06][main.py:293]    resulted average budget = 2094347530.49 macc
[2018-09-06 18:03:06][main.py:294]    resulted p = 6.116%, 13.153%, 29.365%, 51.366%
[2018-09-06 18:03:31][main.py:302]    CMC rank-1 = 88.302%, mAP = 71.965%
[2018-09-06 18:03:31][main.py:309]       exit on stage 1: 6.116% (206 / 3368)
[2018-09-06 18:03:31][main.py:309]       exit on stage 2: 13.153% (443 / 3368)
[2018-09-06 18:03:31][main.py:309]       exit on stage 3: 29.365% (989 / 3368)
[2018-09-06 18:03:31][main.py:309]       exit on stage f: 51.366% (1730 / 3368)
[2018-09-06 18:03:31][main.py:276] >> test case 40
[2018-09-06 18:03:31][main.py:279]    expected p = 4.738%, 10.974%, 25.418%, 58.870%
[2018-09-06 18:03:31][main.py:280]    expected average budget = 2171508558.37 macc
[2018-09-06 18:03:40][main.py:293]    resulted average budget = 2137691580.20 macc
[2018-09-06 18:03:40][main.py:294]    resulted p = 5.374%, 11.342%, 28.711%, 54.572%
[2018-09-06 18:04:05][main.py:302]    CMC rank-1 = 88.450%, mAP = 72.249%
[2018-09-06 18:04:05][main.py:309]       exit on stage 1: 5.374% (181 / 3368)
[2018-09-06 18:04:05][main.py:309]       exit on stage 2: 11.342% (382 / 3368)
[2018-09-06 18:04:05][main.py:309]       exit on stage 3: 28.711% (967 / 3368)
[2018-09-06 18:04:05][main.py:309]       exit on stage f: 54.572% (1838 / 3368)
[2018-09-06 18:04:05][main.py:276] >> test case 41
[2018-09-06 18:04:05][main.py:279]    expected p = 3.818%, 9.670%, 24.490%, 62.022%
[2018-09-06 18:04:05][main.py:280]    expected average budget = 2212707056.33 macc
[2018-09-06 18:04:14][main.py:293]    resulted average budget = 2183756986.53 macc
[2018-09-06 18:04:14][main.py:294]    resulted p = 4.157%, 10.065%, 27.939%, 57.838%
[2018-09-06 18:04:40][main.py:302]    CMC rank-1 = 88.569%, mAP = 72.632%
[2018-09-06 18:04:40][main.py:309]       exit on stage 1: 4.157% (140 / 3368)
[2018-09-06 18:04:40][main.py:309]       exit on stage 2: 10.065% (339 / 3368)
[2018-09-06 18:04:40][main.py:309]       exit on stage 3: 27.939% (941 / 3368)
[2018-09-06 18:04:40][main.py:309]       exit on stage f: 57.838% (1948 / 3368)
[2018-09-06 18:04:40][main.py:276] >> test case 42
[2018-09-06 18:04:40][main.py:279]    expected p = 2.975%, 8.332%, 23.336%, 65.357%
[2018-09-06 18:04:40][main.py:280]    expected average budget = 2253905554.29 macc
[2018-09-06 18:04:49][main.py:293]    resulted average budget = 2225927586.20 macc
[2018-09-06 18:04:49][main.py:294]    resulted p = 3.355%, 8.640%, 26.663%, 61.342%
[2018-09-06 18:05:14][main.py:302]    CMC rank-1 = 88.717%, mAP = 72.977%
[2018-09-06 18:05:14][main.py:309]       exit on stage 1: 3.355% (113 / 3368)
[2018-09-06 18:05:14][main.py:309]       exit on stage 2: 8.640% (291 / 3368)
[2018-09-06 18:05:14][main.py:309]       exit on stage 3: 26.663% (898 / 3368)
[2018-09-06 18:05:14][main.py:309]       exit on stage f: 61.342% (2066 / 3368)
[2018-09-06 18:05:14][main.py:276] >> test case 43
[2018-09-06 18:05:14][main.py:279]    expected p = 2.215%, 6.967%, 21.911%, 68.907%
[2018-09-06 18:05:14][main.py:280]    expected average budget = 2295104052.24 macc
[2018-09-06 18:05:23][main.py:293]    resulted average budget = 2271795711.54 macc
[2018-09-06 18:05:23][main.py:294]    resulted p = 2.524%, 7.126%, 25.000%, 65.350%
[2018-09-06 18:05:47][main.py:302]    CMC rank-1 = 88.628%, mAP = 73.266%
[2018-09-06 18:05:47][main.py:309]       exit on stage 1: 2.524% (85 / 3368)
[2018-09-06 18:05:47][main.py:309]       exit on stage 2: 7.126% (240 / 3368)
[2018-09-06 18:05:47][main.py:309]       exit on stage 3: 25.000% (842 / 3368)
[2018-09-06 18:05:47][main.py:309]       exit on stage f: 65.350% (2201 / 3368)
[2018-09-06 18:05:47][main.py:276] >> test case 44
[2018-09-06 18:05:47][main.py:279]    expected p = 1.548%, 5.584%, 20.151%, 72.717%
[2018-09-06 18:05:47][main.py:280]    expected average budget = 2336302550.20 macc
[2018-09-06 18:05:57][main.py:293]    resulted average budget = 2309981569.98 macc
[2018-09-06 18:05:57][main.py:294]    resulted p = 1.989%, 5.938%, 22.743%, 69.329%
[2018-09-06 18:06:23][main.py:302]    CMC rank-1 = 88.628%, mAP = 73.447%
[2018-09-06 18:06:23][main.py:309]       exit on stage 1: 1.989% (67 / 3368)
[2018-09-06 18:06:23][main.py:309]       exit on stage 2: 5.938% (200 / 3368)
[2018-09-06 18:06:23][main.py:309]       exit on stage 3: 22.743% (766 / 3368)
[2018-09-06 18:06:23][main.py:309]       exit on stage f: 69.329% (2335 / 3368)
[2018-09-06 18:06:23][main.py:276] >> test case 45
[2018-09-06 18:06:23][main.py:279]    expected p = 0.982%, 4.201%, 17.967%, 76.850%
[2018-09-06 18:06:23][main.py:280]    expected average budget = 2377501048.16 macc
[2018-09-06 18:06:32][main.py:293]    resulted average budget = 2356578786.20 macc
[2018-09-06 18:06:32][main.py:294]    resulted p = 1.188%, 4.780%, 19.774%, 74.258%
[2018-09-06 18:06:57][main.py:302]    CMC rank-1 = 88.688%, mAP = 73.695%
[2018-09-06 18:06:57][main.py:309]       exit on stage 1: 1.188% (40 / 3368)
[2018-09-06 18:06:57][main.py:309]       exit on stage 2: 4.780% (161 / 3368)
[2018-09-06 18:06:57][main.py:309]       exit on stage 3: 19.774% (666 / 3368)
[2018-09-06 18:06:57][main.py:309]       exit on stage f: 74.258% (2501 / 3368)
[2018-09-06 18:06:57][main.py:276] >> test case 46
[2018-09-06 18:06:57][main.py:279]    expected p = 0.532%, 2.845%, 15.218%, 81.406%
[2018-09-06 18:06:57][main.py:280]    expected average budget = 2418699546.12 macc
[2018-09-06 18:07:07][main.py:293]    resulted average budget = 2399663714.51 macc
[2018-09-06 18:07:07][main.py:294]    resulted p = 0.802%, 3.385%, 16.479%, 79.335%
[2018-09-06 18:07:32][main.py:302]    CMC rank-1 = 88.658%, mAP = 73.876%
[2018-09-06 18:07:32][main.py:309]       exit on stage 1: 0.802% (27 / 3368)
[2018-09-06 18:07:32][main.py:309]       exit on stage 2: 3.385% (114 / 3368)
[2018-09-06 18:07:32][main.py:309]       exit on stage 3: 16.479% (555 / 3368)
[2018-09-06 18:07:32][main.py:309]       exit on stage f: 79.335% (2672 / 3368)
[2018-09-06 18:07:32][main.py:276] >> test case 47
[2018-09-06 18:07:32][main.py:279]    expected p = 0.212%, 1.574%, 11.673%, 86.540%
[2018-09-06 18:07:32][main.py:280]    expected average budget = 2459898044.08 macc
[2018-09-06 18:07:42][main.py:293]    resulted average budget = 2442424640.91 macc
[2018-09-06 18:07:42][main.py:294]    resulted p = 0.386%, 2.138%, 12.945%, 84.531%
[2018-09-06 18:08:06][main.py:302]    CMC rank-1 = 88.628%, mAP = 74.029%
[2018-09-06 18:08:06][main.py:309]       exit on stage 1: 0.386% (13 / 3368)
[2018-09-06 18:08:06][main.py:309]       exit on stage 2: 2.138% (72 / 3368)
[2018-09-06 18:08:06][main.py:309]       exit on stage 3: 12.945% (436 / 3368)
[2018-09-06 18:08:06][main.py:309]       exit on stage f: 84.531% (2847 / 3368)
[2018-09-06 18:08:06][main.py:276] >> test case 48
[2018-09-06 18:08:06][main.py:279]    expected p = 0.038%, 0.515%, 6.906%, 92.540%
[2018-09-06 18:08:06][main.py:280]    expected average budget = 2501096542.04 macc
[2018-09-06 18:08:17][main.py:293]    resulted average budget = 2485182426.30 macc
[2018-09-06 18:08:17][main.py:294]    resulted p = 0.297%, 0.920%, 7.957%, 90.825%
[2018-09-06 18:08:41][main.py:302]    CMC rank-1 = 88.658%, mAP = 74.124%
[2018-09-06 18:08:41][main.py:309]       exit on stage 1: 0.297% (10 / 3368)
[2018-09-06 18:08:41][main.py:309]       exit on stage 2: 0.920% (31 / 3368)
[2018-09-06 18:08:41][main.py:309]       exit on stage 3: 7.957% (268 / 3368)
[2018-09-06 18:08:41][main.py:309]       exit on stage f: 90.825% (3059 / 3368)
[2018-09-06 18:08:41][main.py:276] >> test case 49
[2018-09-06 18:08:41][main.py:279]    expected p = 0.000%, 0.000%, 0.000%, 100.000%
[2018-09-06 18:08:41][main.py:280]    expected average budget = 2542295040.00 macc
[2018-09-06 18:08:51][main.py:293]    resulted average budget = 2530738309.17 macc
[2018-09-06 18:08:51][main.py:294]    resulted p = 0.297%, 0.297%, 0.297%, 99.109%
[2018-09-06 18:09:16][main.py:302]    CMC rank-1 = 88.717%, mAP = 74.187%
[2018-09-06 18:09:16][main.py:309]       exit on stage 1: 0.297% (10 / 3368)
[2018-09-06 18:09:16][main.py:309]       exit on stage 2: 0.297% (10 / 3368)
[2018-09-06 18:09:16][main.py:309]       exit on stage 3: 0.297% (10 / 3368)
[2018-09-06 18:09:16][main.py:309]       exit on stage f: 99.109% (3338 / 3368)
[2018-09-06 18:09:16][main.py:323] CMC rank-1: 65.439%, 67.221%, 68.349%, 69.656%, 70.457%, 71.526%, 72.268%, 72.892%, 73.575%, 74.347%, 75.208%, 75.920%, 76.722%, 77.702%, 78.296%, 79.008%, 79.691%, 80.255%, 80.879%, 81.354%, 82.067%, 82.482%, 82.809%, 83.076%, 83.403%, 83.789%, 84.145%, 84.739%, 85.273%, 85.481%, 85.748%, 86.550%, 86.728%, 87.144%, 87.411%, 87.589%, 87.767%, 87.886%, 88.094%, 88.302%, 88.450%, 88.569%, 88.717%, 88.628%, 88.628%, 88.688%, 88.658%, 88.628%, 88.658%, 88.717%
[2018-09-06 18:09:16][main.py:324] expected average budgets: 523568640.00, 564767137.96, 605965635.92, 647164133.88, 688362631.84, 729561129.80, 770759627.76, 811958125.71, 853156623.67, 894355121.63, 935553619.59, 976752117.55, 1017950615.51, 1059149113.47, 1100347611.43, 1141546109.39, 1182744607.35, 1223943105.31, 1265141603.27, 1306340101.22, 1347538599.18, 1388737097.14, 1429935595.10, 1471134093.06, 1512332591.02, 1553531088.98, 1594729586.94, 1635928084.90, 1677126582.86, 1718325080.82, 1759523578.78, 1800722076.73, 1841920574.69, 1883119072.65, 1924317570.61, 1965516068.57, 2006714566.53, 2047913064.49, 2089111562.45, 2130310060.41, 2171508558.37, 2212707056.33, 2253905554.29, 2295104052.24, 2336302550.20, 2377501048.16, 2418699546.12, 2459898044.08, 2501096542.04, 2542295040.00
[2018-09-06 18:09:16][main.py:325] resulted average budgets: 523568640.00, 560218717.95, 597390863.81, 628255244.47, 662237323.86, 702563324.81, 733098727.37, 764426449.03, 795480568.70, 829188443.36, 868869973.89, 905454540.77, 942533528.78, 983732488.51, 1020611419.97, 1054317879.33, 1096685760.30, 1138628419.65, 1172701191.14, 1207659594.64, 1245817751.87, 1293475311.13, 1327607987.23, 1370847256.63, 1413247550.48, 1449869086.25, 1489830527.70, 1532594175.54, 1579120777.58, 1614743208.59, 1659005303.49, 1714080429.61, 1758106284.09, 1802114361.62, 1859696544.23, 1901135094.88, 1941720636.50, 1984165623.49, 2038368365.76, 2094347530.49, 2137691580.20, 2183756986.53, 2225927586.20, 2271795711.54, 2309981569.98, 2356578786.20, 2399663714.51, 2442424640.91, 2485182426.30, 2530738309.17
[2018-09-06 18:09:16][main.py:326] average budget misalign rate: -4.459%
