[2018-09-06 18:09:20][main.py:336] results will be saved to /home/yy785/DeepMuRC/budgeted_stream/results/DaRe
[2018-09-06 18:09:20][main.py:337] logger file: margin_confidence.log
[2018-09-06 18:09:21][main.py:231] loading data
[2018-09-06 18:09:31][main.py:233] finished loading data
[2018-09-06 18:09:31][main.py:242] -> confidence function: margin
[2018-09-06 18:09:31][main.py:246] -> test on budget = 523568640.00, 564767137.96, 605965635.92, 647164133.88, 688362631.84, 729561129.80, 770759627.76, 811958125.71, 853156623.67, 894355121.63, 935553619.59, 976752117.55, 1017950615.51, 1059149113.47, 1100347611.43, 1141546109.39, 1182744607.35, 1223943105.31, 1265141603.27, 1306340101.22, 1347538599.18, 1388737097.14, 1429935595.10, 1471134093.06, 1512332591.02, 1553531088.98, 1594729586.94, 1635928084.90, 1677126582.86, 1718325080.82, 1759523578.78, 1800722076.73, 1841920574.69, 1883119072.65, 1924317570.61, 1965516068.57, 2006714566.53, 2047913064.49, 2089111562.45, 2130310060.41, 2171508558.37, 2212707056.33, 2253905554.29, 2295104052.24, 2336302550.20, 2377501048.16, 2418699546.12, 2459898044.08, 2501096542.04, 2542295040.00
[2018-09-06 18:09:31][main.py:249] -> stream budgeted simulation begins
[2018-09-06 18:09:31][main.py:276] >> test case 0
[2018-09-06 18:09:31][main.py:279]    expected p = 100.000%, 0.000%, 0.000%, 0.000%
[2018-09-06 18:09:31][main.py:280]    expected average budget = 523568640.00 macc
[2018-09-06 18:09:34][main.py:293]    resulted average budget = 523568640.00 macc
[2018-09-06 18:09:34][main.py:294]    resulted p = 100.000%, 0.000%, 0.000%, 0.000%
[2018-09-06 18:10:20][main.py:302]    CMC rank-1 = 65.439%, mAP = 43.457%
[2018-09-06 18:10:20][main.py:309]       exit on stage 1: 100.000% (3368 / 3368)
[2018-09-06 18:10:20][main.py:309]       exit on stage 2: 0.000% (0 / 3368)
[2018-09-06 18:10:20][main.py:309]       exit on stage 3: 0.000% (0 / 3368)
[2018-09-06 18:10:20][main.py:309]       exit on stage f: 0.000% (0 / 3368)
[2018-09-06 18:10:20][main.py:276] >> test case 1
[2018-09-06 18:10:20][main.py:279]    expected p = 93.967%, 5.670%, 0.342%, 0.021%
[2018-09-06 18:10:20][main.py:280]    expected average budget = 564767137.96 macc
[2018-09-06 18:10:24][main.py:293]    resulted average budget = 563086562.96 macc
[2018-09-06 18:10:24][main.py:294]    resulted p = 94.299%, 5.315%, 0.327%, 0.059%
[2018-09-06 18:11:08][main.py:302]    CMC rank-1 = 67.785%, mAP = 44.927%
[2018-09-06 18:11:08][main.py:309]       exit on stage 1: 94.299% (3176 / 3368)
[2018-09-06 18:11:08][main.py:309]       exit on stage 2: 5.315% (179 / 3368)
[2018-09-06 18:11:08][main.py:309]       exit on stage 3: 0.327% (11 / 3368)
[2018-09-06 18:11:08][main.py:309]       exit on stage f: 0.059% (2 / 3368)
[2018-09-06 18:11:08][main.py:276] >> test case 2
[2018-09-06 18:11:08][main.py:279]    expected p = 88.763%, 9.987%, 1.124%, 0.126%
[2018-09-06 18:11:08][main.py:280]    expected average budget = 605965635.92 macc
[2018-09-06 18:11:12][main.py:293]    resulted average budget = 601645280.99 macc
[2018-09-06 18:11:12][main.py:294]    resulted p = 89.638%, 8.996%, 1.217%, 0.148%
[2018-09-06 18:11:55][main.py:302]    CMC rank-1 = 69.893%, mAP = 46.483%
[2018-09-06 18:11:55][main.py:309]       exit on stage 1: 89.638% (3019 / 3368)
[2018-09-06 18:11:55][main.py:309]       exit on stage 2: 8.996% (303 / 3368)
[2018-09-06 18:11:55][main.py:309]       exit on stage 3: 1.217% (41 / 3368)
[2018-09-06 18:11:55][main.py:309]       exit on stage f: 0.148% (5 / 3368)
[2018-09-06 18:11:55][main.py:276] >> test case 3
[2018-09-06 18:11:55][main.py:279]    expected p = 84.129%, 13.397%, 2.133%, 0.340%
[2018-09-06 18:11:55][main.py:280]    expected average budget = 647164133.88 macc
[2018-09-06 18:11:59][main.py:293]    resulted average budget = 641602614.12 macc
[2018-09-06 18:11:59][main.py:294]    resulted p = 85.362%, 11.936%, 2.346%, 0.356%
[2018-09-06 18:12:42][main.py:302]    CMC rank-1 = 71.793%, mAP = 47.777%
[2018-09-06 18:12:42][main.py:309]       exit on stage 1: 85.362% (2875 / 3368)
[2018-09-06 18:12:42][main.py:309]       exit on stage 2: 11.936% (402 / 3368)
[2018-09-06 18:12:42][main.py:309]       exit on stage 3: 2.346% (79 / 3368)
[2018-09-06 18:12:42][main.py:309]       exit on stage f: 0.356% (12 / 3368)
[2018-09-06 18:12:42][main.py:276] >> test case 4
[2018-09-06 18:12:42][main.py:279]    expected p = 79.914%, 16.158%, 3.267%, 0.661%
[2018-09-06 18:12:42][main.py:280]    expected average budget = 688362631.84 macc
[2018-09-06 18:12:46][main.py:293]    resulted average budget = 675682927.58 macc
[2018-09-06 18:12:46][main.py:294]    resulted p = 81.918%, 14.133%, 3.355%, 0.594%
[2018-09-06 18:13:28][main.py:302]    CMC rank-1 = 73.456%, mAP = 48.871%
[2018-09-06 18:13:28][main.py:309]       exit on stage 1: 81.918% (2759 / 3368)
[2018-09-06 18:13:28][main.py:309]       exit on stage 2: 14.133% (476 / 3368)
[2018-09-06 18:13:28][main.py:309]       exit on stage 3: 3.355% (113 / 3368)
[2018-09-06 18:13:28][main.py:309]       exit on stage f: 0.594% (20 / 3368)
[2018-09-06 18:13:28][main.py:276] >> test case 5
[2018-09-06 18:13:28][main.py:279]    expected p = 76.022%, 18.428%, 4.467%, 1.083%
[2018-09-06 18:13:28][main.py:280]    expected average budget = 729561129.80 macc
[2018-09-06 18:13:33][main.py:293]    resulted average budget = 711473815.11 macc
[2018-09-06 18:13:33][main.py:294]    resulted p = 78.325%, 16.330%, 4.632%, 0.713%
[2018-09-06 18:14:13][main.py:302]    CMC rank-1 = 74.822%, mAP = 50.036%
[2018-09-06 18:14:13][main.py:309]       exit on stage 1: 78.325% (2638 / 3368)
[2018-09-06 18:14:13][main.py:309]       exit on stage 2: 16.330% (550 / 3368)
[2018-09-06 18:14:13][main.py:309]       exit on stage 3: 4.632% (156 / 3368)
[2018-09-06 18:14:13][main.py:309]       exit on stage f: 0.713% (24 / 3368)
[2018-09-06 18:14:13][main.py:276] >> test case 6
[2018-09-06 18:14:13][main.py:279]    expected p = 72.387%, 20.313%, 5.700%, 1.600%
[2018-09-06 18:14:13][main.py:280]    expected average budget = 770759627.76 macc
[2018-09-06 18:14:17][main.py:293]    resulted average budget = 744176248.55 macc
[2018-09-06 18:14:17][main.py:294]    resulted p = 75.208%, 18.112%, 5.760%, 0.920%
[2018-09-06 18:14:57][main.py:302]    CMC rank-1 = 75.802%, mAP = 50.984%
[2018-09-06 18:14:57][main.py:309]       exit on stage 1: 75.208% (2533 / 3368)
[2018-09-06 18:14:57][main.py:309]       exit on stage 2: 18.112% (610 / 3368)
[2018-09-06 18:14:57][main.py:309]       exit on stage 3: 5.760% (194 / 3368)
[2018-09-06 18:14:57][main.py:309]       exit on stage f: 0.920% (31 / 3368)
[2018-09-06 18:14:57][main.py:276] >> test case 7
[2018-09-06 18:14:57][main.py:279]    expected p = 68.965%, 21.886%, 6.945%, 2.204%
[2018-09-06 18:14:57][main.py:280]    expected average budget = 811958125.71 macc
[2018-09-06 18:15:02][main.py:293]    resulted average budget = 773650468.64 macc
[2018-09-06 18:15:02][main.py:294]    resulted p = 72.595%, 19.537%, 6.473%, 1.395%
[2018-09-06 18:15:40][main.py:302]    CMC rank-1 = 77.108%, mAP = 51.794%
[2018-09-06 18:15:40][main.py:309]       exit on stage 1: 72.595% (2445 / 3368)
[2018-09-06 18:15:40][main.py:309]       exit on stage 2: 19.537% (658 / 3368)
[2018-09-06 18:15:40][main.py:309]       exit on stage 3: 6.473% (218 / 3368)
[2018-09-06 18:15:40][main.py:309]       exit on stage f: 1.395% (47 / 3368)
[2018-09-06 18:15:40][main.py:276] >> test case 8
[2018-09-06 18:15:40][main.py:279]    expected p = 65.722%, 23.199%, 8.189%, 2.891%
[2018-09-06 18:15:40][main.py:280]    expected average budget = 853156623.67 macc
[2018-09-06 18:15:45][main.py:293]    resulted average budget = 813848963.34 macc
[2018-09-06 18:15:45][main.py:294]    resulted p = 68.824%, 21.645%, 7.838%, 1.692%
[2018-09-06 18:16:23][main.py:302]    CMC rank-1 = 78.504%, mAP = 52.912%
[2018-09-06 18:16:23][main.py:309]       exit on stage 1: 68.824% (2318 / 3368)
[2018-09-06 18:16:23][main.py:309]       exit on stage 2: 21.645% (729 / 3368)
[2018-09-06 18:16:23][main.py:309]       exit on stage 3: 7.838% (264 / 3368)
[2018-09-06 18:16:23][main.py:309]       exit on stage f: 1.692% (57 / 3368)
[2018-09-06 18:16:23][main.py:276] >> test case 9
[2018-09-06 18:16:23][main.py:279]    expected p = 62.634%, 24.291%, 9.421%, 3.654%
[2018-09-06 18:16:23][main.py:280]    expected average budget = 894355121.63 macc
[2018-09-06 18:16:29][main.py:293]    resulted average budget = 854710280.36 macc
[2018-09-06 18:16:29][main.py:294]    resulted p = 65.914%, 22.447%, 9.234%, 2.405%
[2018-09-06 18:17:05][main.py:302]    CMC rank-1 = 79.365%, mAP = 53.989%
[2018-09-06 18:17:05][main.py:309]       exit on stage 1: 65.914% (2220 / 3368)
[2018-09-06 18:17:05][main.py:309]       exit on stage 2: 22.447% (756 / 3368)
[2018-09-06 18:17:05][main.py:309]       exit on stage 3: 9.234% (311 / 3368)
[2018-09-06 18:17:05][main.py:309]       exit on stage f: 2.405% (81 / 3368)
[2018-09-06 18:17:05][main.py:276] >> test case 10
[2018-09-06 18:17:05][main.py:279]    expected p = 59.681%, 25.194%, 10.635%, 4.490%
[2018-09-06 18:17:05][main.py:280]    expected average budget = 935553619.59 macc
[2018-09-06 18:17:11][main.py:293]    resulted average budget = 892336682.41 macc
[2018-09-06 18:17:11][main.py:294]    resulted p = 62.678%, 24.139%, 10.095%, 3.088%
[2018-09-06 18:17:47][main.py:302]    CMC rank-1 = 80.463%, mAP = 55.079%
[2018-09-06 18:17:47][main.py:309]       exit on stage 1: 62.678% (2111 / 3368)
[2018-09-06 18:17:47][main.py:309]       exit on stage 2: 24.139% (813 / 3368)
[2018-09-06 18:17:47][main.py:309]       exit on stage 3: 10.095% (340 / 3368)
[2018-09-06 18:17:47][main.py:309]       exit on stage f: 3.088% (104 / 3368)
[2018-09-06 18:17:47][main.py:276] >> test case 11
[2018-09-06 18:17:47][main.py:279]    expected p = 56.848%, 25.930%, 11.827%, 5.395%
[2018-09-06 18:17:47][main.py:280]    expected average budget = 976752117.55 macc
[2018-09-06 18:17:53][main.py:293]    resulted average budget = 934011081.12 macc
[2018-09-06 18:17:53][main.py:294]    resulted p = 59.679%, 24.970%, 11.609%, 3.741%
[2018-09-06 18:18:29][main.py:302]    CMC rank-1 = 81.859%, mAP = 56.233%
[2018-09-06 18:18:29][main.py:309]       exit on stage 1: 59.679% (2010 / 3368)
[2018-09-06 18:18:29][main.py:309]       exit on stage 2: 24.970% (841 / 3368)
[2018-09-06 18:18:29][main.py:309]       exit on stage 3: 11.609% (391 / 3368)
[2018-09-06 18:18:29][main.py:309]       exit on stage f: 3.741% (126 / 3368)
[2018-09-06 18:18:29][main.py:276] >> test case 12
[2018-09-06 18:18:29][main.py:279]    expected p = 54.124%, 26.518%, 12.992%, 6.366%
[2018-09-06 18:18:29][main.py:280]    expected average budget = 1017950615.51 macc
[2018-09-06 18:18:34][main.py:293]    resulted average budget = 967279673.16 macc
[2018-09-06 18:18:34][main.py:294]    resulted p = 57.423%, 25.534%, 12.530%, 4.513%
[2018-09-06 18:19:10][main.py:302]    CMC rank-1 = 82.542%, mAP = 57.071%
[2018-09-06 18:19:10][main.py:309]       exit on stage 1: 57.423% (1934 / 3368)
[2018-09-06 18:19:10][main.py:309]       exit on stage 2: 25.534% (860 / 3368)
[2018-09-06 18:19:10][main.py:309]       exit on stage 3: 12.530% (422 / 3368)
[2018-09-06 18:19:10][main.py:309]       exit on stage f: 4.513% (152 / 3368)
[2018-09-06 18:19:10][main.py:276] >> test case 13
[2018-09-06 18:19:10][main.py:279]    expected p = 51.498%, 26.974%, 14.128%, 7.400%
[2018-09-06 18:19:10][main.py:280]    expected average budget = 1059149113.47 macc
[2018-09-06 18:19:16][main.py:293]    resulted average budget = 1007456802.51 macc
[2018-09-06 18:19:16][main.py:294]    resulted p = 54.721%, 26.217%, 13.539%, 5.523%
[2018-09-06 18:19:51][main.py:302]    CMC rank-1 = 83.224%, mAP = 57.931%
[2018-09-06 18:19:51][main.py:309]       exit on stage 1: 54.721% (1843 / 3368)
[2018-09-06 18:19:51][main.py:309]       exit on stage 2: 26.217% (883 / 3368)
[2018-09-06 18:19:51][main.py:309]       exit on stage 3: 13.539% (456 / 3368)
[2018-09-06 18:19:51][main.py:309]       exit on stage f: 5.523% (186 / 3368)
[2018-09-06 18:19:51][main.py:276] >> test case 14
[2018-09-06 18:19:51][main.py:279]    expected p = 48.963%, 27.309%, 15.232%, 8.496%
[2018-09-06 18:19:51][main.py:280]    expected average budget = 1100347611.43 macc
[2018-09-06 18:19:57][main.py:293]    resulted average budget = 1047506425.62 macc
[2018-09-06 18:19:57][main.py:294]    resulted p = 52.019%, 26.930%, 14.489%, 6.562%
[2018-09-06 18:20:30][main.py:302]    CMC rank-1 = 83.996%, mAP = 58.888%
[2018-09-06 18:20:30][main.py:309]       exit on stage 1: 52.019% (1752 / 3368)
[2018-09-06 18:20:30][main.py:309]       exit on stage 2: 26.930% (907 / 3368)
[2018-09-06 18:20:30][main.py:309]       exit on stage 3: 14.489% (488 / 3368)
[2018-09-06 18:20:30][main.py:309]       exit on stage f: 6.562% (221 / 3368)
[2018-09-06 18:20:30][main.py:276] >> test case 15
[2018-09-06 18:20:30][main.py:279]    expected p = 46.510%, 27.536%, 16.302%, 9.651%
[2018-09-06 18:20:30][main.py:280]    expected average budget = 1141546109.39 macc
[2018-09-06 18:20:36][main.py:293]    resulted average budget = 1083737535.85 macc
[2018-09-06 18:20:36][main.py:294]    resulted p = 49.792%, 27.197%, 15.529%, 7.482%
[2018-09-06 18:21:08][main.py:302]    CMC rank-1 = 84.679%, mAP = 59.677%
[2018-09-06 18:21:08][main.py:309]       exit on stage 1: 49.792% (1677 / 3368)
[2018-09-06 18:21:08][main.py:309]       exit on stage 2: 27.197% (916 / 3368)
[2018-09-06 18:21:08][main.py:309]       exit on stage 3: 15.529% (523 / 3368)
[2018-09-06 18:21:08][main.py:309]       exit on stage f: 7.482% (252 / 3368)
[2018-09-06 18:21:08][main.py:276] >> test case 16
[2018-09-06 18:21:09][main.py:279]    expected p = 44.136%, 27.662%, 17.337%, 10.865%
[2018-09-06 18:21:09][main.py:280]    expected average budget = 1182744607.35 macc
[2018-09-06 18:21:15][main.py:293]    resulted average budget = 1121877103.58 macc
[2018-09-06 18:21:15][main.py:294]    resulted p = 47.565%, 27.286%, 16.686%, 8.462%
[2018-09-06 18:21:48][main.py:302]    CMC rank-1 = 85.125%, mAP = 60.449%
[2018-09-06 18:21:48][main.py:309]       exit on stage 1: 47.565% (1602 / 3368)
[2018-09-06 18:21:48][main.py:309]       exit on stage 2: 27.286% (919 / 3368)
[2018-09-06 18:21:48][main.py:309]       exit on stage 3: 16.686% (562 / 3368)
[2018-09-06 18:21:48][main.py:309]       exit on stage f: 8.462% (285 / 3368)
[2018-09-06 18:21:48][main.py:276] >> test case 17
[2018-09-06 18:21:48][main.py:279]    expected p = 41.835%, 27.695%, 18.334%, 12.137%
[2018-09-06 18:21:48][main.py:280]    expected average budget = 1223943105.31 macc
[2018-09-06 18:21:55][main.py:293]    resulted average budget = 1150481295.51 macc
[2018-09-06 18:21:55][main.py:294]    resulted p = 45.576%, 27.880%, 17.369%, 9.175%
[2018-09-06 18:22:28][main.py:302]    CMC rank-1 = 85.481%, mAP = 61.098%
[2018-09-06 18:22:28][main.py:309]       exit on stage 1: 45.576% (1535 / 3368)
[2018-09-06 18:22:28][main.py:309]       exit on stage 2: 27.880% (939 / 3368)
[2018-09-06 18:22:28][main.py:309]       exit on stage 3: 17.369% (585 / 3368)
[2018-09-06 18:22:28][main.py:309]       exit on stage f: 9.175% (309 / 3368)
[2018-09-06 18:22:28][main.py:276] >> test case 18
[2018-09-06 18:22:28][main.py:279]    expected p = 39.603%, 27.641%, 19.292%, 13.465%
[2018-09-06 18:22:28][main.py:280]    expected average budget = 1265141603.27 macc
[2018-09-06 18:22:34][main.py:293]    resulted average budget = 1189993794.58 macc
[2018-09-06 18:22:34][main.py:294]    resulted p = 43.082%, 28.207%, 18.676%, 10.036%
[2018-09-06 18:23:08][main.py:302]    CMC rank-1 = 85.956%, mAP = 62.116%
[2018-09-06 18:23:08][main.py:309]       exit on stage 1: 43.082% (1451 / 3368)
[2018-09-06 18:23:08][main.py:309]       exit on stage 2: 28.207% (950 / 3368)
[2018-09-06 18:23:08][main.py:309]       exit on stage 3: 18.676% (629 / 3368)
[2018-09-06 18:23:08][main.py:309]       exit on stage f: 10.036% (338 / 3368)
[2018-09-06 18:23:08][main.py:276] >> test case 19
[2018-09-06 18:23:08][main.py:279]    expected p = 37.436%, 27.506%, 20.209%, 14.849%
[2018-09-06 18:23:08][main.py:280]    expected average budget = 1306340101.22 macc
[2018-09-06 18:23:14][main.py:293]    resulted average budget = 1221673977.46 macc
[2018-09-06 18:23:14][main.py:294]    resulted p = 41.241%, 28.385%, 19.299%, 11.075%
[2018-09-06 18:23:46][main.py:302]    CMC rank-1 = 86.401%, mAP = 62.776%
[2018-09-06 18:23:46][main.py:309]       exit on stage 1: 41.241% (1389 / 3368)
[2018-09-06 18:23:46][main.py:309]       exit on stage 2: 28.385% (956 / 3368)
[2018-09-06 18:23:46][main.py:309]       exit on stage 3: 19.299% (650 / 3368)
[2018-09-06 18:23:46][main.py:309]       exit on stage f: 11.075% (373 / 3368)
[2018-09-06 18:23:46][main.py:276] >> test case 20
[2018-09-06 18:23:46][main.py:279]    expected p = 35.332%, 27.294%, 21.085%, 16.288%
[2018-09-06 18:23:46][main.py:280]    expected average budget = 1347538599.18 macc
[2018-09-06 18:23:53][main.py:293]    resulted average budget = 1262858118.38 macc
[2018-09-06 18:23:53][main.py:294]    resulted p = 38.985%, 28.504%, 19.863%, 12.648%
[2018-09-06 18:24:25][main.py:302]    CMC rank-1 = 86.817%, mAP = 63.446%
[2018-09-06 18:24:25][main.py:309]       exit on stage 1: 38.985% (1313 / 3368)
[2018-09-06 18:24:25][main.py:309]       exit on stage 2: 28.504% (960 / 3368)
[2018-09-06 18:24:25][main.py:309]       exit on stage 3: 19.863% (669 / 3368)
[2018-09-06 18:24:25][main.py:309]       exit on stage f: 12.648% (426 / 3368)
[2018-09-06 18:24:25][main.py:276] >> test case 21
[2018-09-06 18:24:25][main.py:279]    expected p = 33.289%, 27.011%, 21.917%, 17.784%
[2018-09-06 18:24:25][main.py:280]    expected average budget = 1388737097.14 macc
[2018-09-06 18:24:32][main.py:293]    resulted average budget = 1304633134.06 macc
[2018-09-06 18:24:32][main.py:294]    resulted p = 36.936%, 28.207%, 20.635%, 14.222%
[2018-09-06 18:25:03][main.py:302]    CMC rank-1 = 87.352%, mAP = 64.204%
[2018-09-06 18:25:03][main.py:309]       exit on stage 1: 36.936% (1244 / 3368)
[2018-09-06 18:25:03][main.py:309]       exit on stage 2: 28.207% (950 / 3368)
[2018-09-06 18:25:03][main.py:309]       exit on stage 3: 20.635% (695 / 3368)
[2018-09-06 18:25:03][main.py:309]       exit on stage f: 14.222% (479 / 3368)
[2018-09-06 18:25:03][main.py:276] >> test case 22
[2018-09-06 18:25:03][main.py:279]    expected p = 31.303%, 26.659%, 22.703%, 19.335%
[2018-09-06 18:25:03][main.py:280]    expected average budget = 1429935595.10 macc
[2018-09-06 18:25:12][main.py:293]    resulted average budget = 1346150361.69 macc
[2018-09-06 18:25:12][main.py:294]    resulted p = 34.650%, 28.088%, 21.942%, 15.321%
[2018-09-06 18:25:44][main.py:302]    CMC rank-1 = 87.589%, mAP = 64.924%
[2018-09-06 18:25:44][main.py:309]       exit on stage 1: 34.650% (1167 / 3368)
[2018-09-06 18:25:44][main.py:309]       exit on stage 2: 28.088% (946 / 3368)
[2018-09-06 18:25:44][main.py:309]       exit on stage 3: 21.942% (739 / 3368)
[2018-09-06 18:25:44][main.py:309]       exit on stage f: 15.321% (516 / 3368)
[2018-09-06 18:25:44][main.py:276] >> test case 23
[2018-09-06 18:25:44][main.py:279]    expected p = 29.374%, 26.241%, 23.442%, 20.942%
[2018-09-06 18:25:44][main.py:280]    expected average budget = 1471134093.06 macc
[2018-09-06 18:25:52][main.py:293]    resulted average budget = 1384780579.57 macc
[2018-09-06 18:25:52][main.py:294]    resulted p = 32.809%, 27.613%, 23.011%, 16.568%
[2018-09-06 18:26:23][main.py:302]    CMC rank-1 = 87.886%, mAP = 65.585%
[2018-09-06 18:26:23][main.py:309]       exit on stage 1: 32.809% (1105 / 3368)
[2018-09-06 18:26:23][main.py:309]       exit on stage 2: 27.613% (930 / 3368)
[2018-09-06 18:26:23][main.py:309]       exit on stage 3: 23.011% (775 / 3368)
[2018-09-06 18:26:23][main.py:309]       exit on stage f: 16.568% (558 / 3368)
[2018-09-06 18:26:23][main.py:276] >> test case 24
[2018-09-06 18:26:23][main.py:279]    expected p = 27.500%, 25.761%, 24.132%, 22.607%
[2018-09-06 18:26:23][main.py:280]    expected average budget = 1512332591.02 macc
[2018-09-06 18:26:31][main.py:293]    resulted average budget = 1428591558.99 macc
[2018-09-06 18:26:31][main.py:294]    resulted p = 30.760%, 27.108%, 23.961%, 18.171%
[2018-09-06 18:27:01][main.py:302]    CMC rank-1 = 88.034%, mAP = 66.335%
[2018-09-06 18:27:01][main.py:309]       exit on stage 1: 30.760% (1036 / 3368)
[2018-09-06 18:27:01][main.py:309]       exit on stage 2: 27.108% (913 / 3368)
[2018-09-06 18:27:01][main.py:309]       exit on stage 3: 23.961% (807 / 3368)
[2018-09-06 18:27:01][main.py:309]       exit on stage f: 18.171% (612 / 3368)
[2018-09-06 18:27:01][main.py:276] >> test case 25
[2018-09-06 18:27:01][main.py:279]    expected p = 25.679%, 25.221%, 24.771%, 24.329%
[2018-09-06 18:27:01][main.py:280]    expected average budget = 1553531088.98 macc
[2018-09-06 18:27:09][main.py:293]    resulted average budget = 1467397327.35 macc
[2018-09-06 18:27:09][main.py:294]    resulted p = 28.830%, 26.811%, 24.852%, 19.507%
[2018-09-06 18:27:38][main.py:302]    CMC rank-1 = 88.213%, mAP = 66.908%
[2018-09-06 18:27:38][main.py:309]       exit on stage 1: 28.830% (971 / 3368)
[2018-09-06 18:27:38][main.py:309]       exit on stage 2: 26.811% (903 / 3368)
[2018-09-06 18:27:38][main.py:309]       exit on stage 3: 24.852% (837 / 3368)
[2018-09-06 18:27:38][main.py:309]       exit on stage f: 19.507% (657 / 3368)
[2018-09-06 18:27:38][main.py:276] >> test case 26
[2018-09-06 18:27:38][main.py:279]    expected p = 23.912%, 24.623%, 25.356%, 26.110%
[2018-09-06 18:27:38][main.py:280]    expected average budget = 1594729586.94 macc
[2018-09-06 18:27:47][main.py:293]    resulted average budget = 1511123503.43 macc
[2018-09-06 18:27:47][main.py:294]    resulted p = 26.960%, 26.188%, 25.416%, 21.437%
[2018-09-06 18:28:16][main.py:302]    CMC rank-1 = 88.331%, mAP = 67.511%
[2018-09-06 18:28:16][main.py:309]       exit on stage 1: 26.960% (908 / 3368)
[2018-09-06 18:28:16][main.py:309]       exit on stage 2: 26.188% (882 / 3368)
[2018-09-06 18:28:16][main.py:309]       exit on stage 3: 25.416% (856 / 3368)
[2018-09-06 18:28:16][main.py:309]       exit on stage f: 21.437% (722 / 3368)
[2018-09-06 18:28:16][main.py:276] >> test case 27
[2018-09-06 18:28:16][main.py:279]    expected p = 22.196%, 23.969%, 25.884%, 27.952%
[2018-09-06 18:28:16][main.py:280]    expected average budget = 1635928084.90 macc
[2018-09-06 18:28:25][main.py:293]    resulted average budget = 1540273301.43 macc
[2018-09-06 18:28:25][main.py:294]    resulted p = 25.505%, 26.039%, 25.891%, 22.565%
[2018-09-06 18:28:55][main.py:302]    CMC rank-1 = 88.450%, mAP = 67.831%
[2018-09-06 18:28:55][main.py:309]       exit on stage 1: 25.505% (859 / 3368)
[2018-09-06 18:28:55][main.py:309]       exit on stage 2: 26.039% (877 / 3368)
[2018-09-06 18:28:55][main.py:309]       exit on stage 3: 25.891% (872 / 3368)
[2018-09-06 18:28:55][main.py:309]       exit on stage f: 22.565% (760 / 3368)
[2018-09-06 18:28:55][main.py:276] >> test case 28
[2018-09-06 18:28:55][main.py:279]    expected p = 20.532%, 23.261%, 26.352%, 29.855%
[2018-09-06 18:28:55][main.py:280]    expected average budget = 1677126582.86 macc
[2018-09-06 18:29:04][main.py:293]    resulted average budget = 1582160009.43 macc
[2018-09-06 18:29:04][main.py:294]    resulted p = 23.664%, 25.505%, 26.455%, 24.376%
[2018-09-06 18:29:33][main.py:302]    CMC rank-1 = 88.569%, mAP = 68.340%
[2018-09-06 18:29:33][main.py:309]       exit on stage 1: 23.664% (797 / 3368)
[2018-09-06 18:29:33][main.py:309]       exit on stage 2: 25.505% (859 / 3368)
[2018-09-06 18:29:33][main.py:309]       exit on stage 3: 26.455% (891 / 3368)
[2018-09-06 18:29:33][main.py:309]       exit on stage f: 24.376% (821 / 3368)
[2018-09-06 18:29:33][main.py:276] >> test case 29
[2018-09-06 18:29:33][main.py:279]    expected p = 18.919%, 22.500%, 26.758%, 31.823%
[2018-09-06 18:29:33][main.py:280]    expected average budget = 1718325080.82 macc
[2018-09-06 18:29:42][main.py:293]    resulted average budget = 1621904192.61 macc
[2018-09-06 18:29:42][main.py:294]    resulted p = 21.942%, 24.911%, 27.138%, 26.010%
[2018-09-06 18:30:11][main.py:302]    CMC rank-1 = 88.569%, mAP = 68.763%
[2018-09-06 18:30:11][main.py:309]       exit on stage 1: 21.942% (739 / 3368)
[2018-09-06 18:30:11][main.py:309]       exit on stage 2: 24.911% (839 / 3368)
[2018-09-06 18:30:11][main.py:309]       exit on stage 3: 27.138% (914 / 3368)
[2018-09-06 18:30:11][main.py:309]       exit on stage f: 26.010% (876 / 3368)
[2018-09-06 18:30:11][main.py:276] >> test case 30
[2018-09-06 18:30:11][main.py:279]    expected p = 17.357%, 21.687%, 27.098%, 33.858%
[2018-09-06 18:30:11][main.py:280]    expected average budget = 1759523578.78 macc
[2018-09-06 18:30:21][main.py:293]    resulted average budget = 1662616638.02 macc
[2018-09-06 18:30:21][main.py:294]    resulted p = 20.101%, 24.317%, 28.118%, 27.464%
[2018-09-06 18:30:49][main.py:302]    CMC rank-1 = 88.510%, mAP = 69.201%
[2018-09-06 18:30:49][main.py:309]       exit on stage 1: 20.101% (677 / 3368)
[2018-09-06 18:30:49][main.py:309]       exit on stage 2: 24.317% (819 / 3368)
[2018-09-06 18:30:49][main.py:309]       exit on stage 3: 28.118% (947 / 3368)
[2018-09-06 18:30:49][main.py:309]       exit on stage f: 27.464% (925 / 3368)
[2018-09-06 18:30:49][main.py:276] >> test case 31
[2018-09-06 18:30:49][main.py:279]    expected p = 15.847%, 20.825%, 27.366%, 35.962%
[2018-09-06 18:30:49][main.py:280]    expected average budget = 1800722076.73 macc
[2018-09-06 18:30:58][main.py:293]    resulted average budget = 1699391573.89 macc
[2018-09-06 18:30:58][main.py:294]    resulted p = 18.498%, 23.723%, 28.919%, 28.860%
[2018-09-06 18:31:26][main.py:302]    CMC rank-1 = 88.628%, mAP = 69.644%
[2018-09-06 18:31:26][main.py:309]       exit on stage 1: 18.498% (623 / 3368)
[2018-09-06 18:31:26][main.py:309]       exit on stage 2: 23.723% (799 / 3368)
[2018-09-06 18:31:26][main.py:309]       exit on stage 3: 28.919% (974 / 3368)
[2018-09-06 18:31:26][main.py:309]       exit on stage f: 28.860% (972 / 3368)
[2018-09-06 18:31:26][main.py:276] >> test case 32
[2018-09-06 18:31:26][main.py:279]    expected p = 14.389%, 19.913%, 27.559%, 38.139%
[2018-09-06 18:31:26][main.py:280]    expected average budget = 1841920574.69 macc
[2018-09-06 18:31:35][main.py:293]    resulted average budget = 1736915340.62 macc
[2018-09-06 18:31:35][main.py:294]    resulted p = 17.310%, 22.565%, 29.454%, 30.671%
[2018-09-06 18:32:03][main.py:302]    CMC rank-1 = 88.599%, mAP = 69.976%
[2018-09-06 18:32:03][main.py:309]       exit on stage 1: 17.310% (583 / 3368)
[2018-09-06 18:32:03][main.py:309]       exit on stage 2: 22.565% (760 / 3368)
[2018-09-06 18:32:03][main.py:309]       exit on stage 3: 29.454% (992 / 3368)
[2018-09-06 18:32:03][main.py:309]       exit on stage f: 30.671% (1033 / 3368)
[2018-09-06 18:32:03][main.py:276] >> test case 33
[2018-09-06 18:32:03][main.py:279]    expected p = 12.984%, 18.954%, 27.670%, 40.393%
[2018-09-06 18:32:03][main.py:280]    expected average budget = 1883119072.65 macc
[2018-09-06 18:32:13][main.py:293]    resulted average budget = 1782711098.53 macc
[2018-09-06 18:32:13][main.py:294]    resulted p = 15.677%, 21.675%, 29.365%, 33.284%
[2018-09-06 18:32:40][main.py:302]    CMC rank-1 = 88.599%, mAP = 70.394%
[2018-09-06 18:32:40][main.py:309]       exit on stage 1: 15.677% (528 / 3368)
[2018-09-06 18:32:40][main.py:309]       exit on stage 2: 21.675% (730 / 3368)
[2018-09-06 18:32:40][main.py:309]       exit on stage 3: 29.365% (989 / 3368)
[2018-09-06 18:32:40][main.py:309]       exit on stage f: 33.284% (1121 / 3368)
[2018-09-06 18:32:40][main.py:276] >> test case 34
[2018-09-06 18:32:40][main.py:279]    expected p = 11.632%, 17.947%, 27.692%, 42.729%
[2018-09-06 18:32:40][main.py:280]    expected average budget = 1924317570.61 macc
[2018-09-06 18:32:50][main.py:293]    resulted average budget = 1819197823.70 macc
[2018-09-06 18:32:50][main.py:294]    resulted p = 13.985%, 21.467%, 29.483%, 35.065%
[2018-09-06 18:33:16][main.py:302]    CMC rank-1 = 88.628%, mAP = 70.738%
[2018-09-06 18:33:16][main.py:309]       exit on stage 1: 13.985% (471 / 3368)
[2018-09-06 18:33:16][main.py:309]       exit on stage 2: 21.467% (723 / 3368)
[2018-09-06 18:33:16][main.py:309]       exit on stage 3: 29.483% (993 / 3368)
[2018-09-06 18:33:16][main.py:309]       exit on stage f: 35.065% (1181 / 3368)
[2018-09-06 18:33:16][main.py:276] >> test case 35
[2018-09-06 18:33:16][main.py:279]    expected p = 10.334%, 16.894%, 27.619%, 45.152%
[2018-09-06 18:33:16][main.py:280]    expected average budget = 1965516068.57 macc
[2018-09-06 18:33:27][main.py:293]    resulted average budget = 1862807961.24 macc
[2018-09-06 18:33:27][main.py:294]    resulted p = 12.500%, 20.487%, 29.483%, 37.530%
[2018-09-06 18:33:54][main.py:302]    CMC rank-1 = 88.658%, mAP = 71.103%
[2018-09-06 18:33:54][main.py:309]       exit on stage 1: 12.500% (421 / 3368)
[2018-09-06 18:33:54][main.py:309]       exit on stage 2: 20.487% (690 / 3368)
[2018-09-06 18:33:54][main.py:309]       exit on stage 3: 29.483% (993 / 3368)
[2018-09-06 18:33:54][main.py:309]       exit on stage f: 37.530% (1264 / 3368)
[2018-09-06 18:33:54][main.py:276] >> test case 36
[2018-09-06 18:33:54][main.py:279]    expected p = 9.093%, 15.796%, 27.441%, 47.669%
[2018-09-06 18:33:54][main.py:280]    expected average budget = 2006714566.53 macc
[2018-09-06 18:34:04][main.py:293]    resulted average budget = 1908278512.04 macc
[2018-09-06 18:34:04][main.py:294]    resulted p = 11.105%, 19.121%, 29.840%, 39.935%
[2018-09-06 18:34:30][main.py:302]    CMC rank-1 = 88.717%, mAP = 71.600%
[2018-09-06 18:34:30][main.py:309]       exit on stage 1: 11.105% (374 / 3368)
[2018-09-06 18:34:30][main.py:309]       exit on stage 2: 19.121% (644 / 3368)
[2018-09-06 18:34:30][main.py:309]       exit on stage 3: 29.840% (1005 / 3368)
[2018-09-06 18:34:30][main.py:309]       exit on stage f: 39.935% (1345 / 3368)
[2018-09-06 18:34:30][main.py:276] >> test case 37
[2018-09-06 18:34:30][main.py:279]    expected p = 7.910%, 14.654%, 27.147%, 50.289%
[2018-09-06 18:34:30][main.py:280]    expected average budget = 2047913064.49 macc
[2018-09-06 18:34:40][main.py:293]    resulted average budget = 1957514582.80 macc
[2018-09-06 18:34:40][main.py:294]    resulted p = 9.382%, 17.815%, 30.612%, 42.191%
[2018-09-06 18:35:07][main.py:302]    CMC rank-1 = 88.717%, mAP = 72.040%
[2018-09-06 18:35:07][main.py:309]       exit on stage 1: 9.382% (316 / 3368)
[2018-09-06 18:35:07][main.py:309]       exit on stage 2: 17.815% (600 / 3368)
[2018-09-06 18:35:07][main.py:309]       exit on stage 3: 30.612% (1031 / 3368)
[2018-09-06 18:35:07][main.py:309]       exit on stage f: 42.191% (1421 / 3368)
[2018-09-06 18:35:07][main.py:276] >> test case 38
[2018-09-06 18:35:07][main.py:279]    expected p = 6.788%, 13.469%, 26.723%, 53.020%
[2018-09-06 18:35:07][main.py:280]    expected average budget = 2089111562.45 macc
[2018-09-06 18:35:18][main.py:293]    resulted average budget = 2008141389.07 macc
[2018-09-06 18:35:18][main.py:294]    resulted p = 7.838%, 16.479%, 30.433%, 45.249%
[2018-09-06 18:35:44][main.py:302]    CMC rank-1 = 88.777%, mAP = 72.484%
[2018-09-06 18:35:44][main.py:309]       exit on stage 1: 7.838% (264 / 3368)
[2018-09-06 18:35:44][main.py:309]       exit on stage 2: 16.479% (555 / 3368)
[2018-09-06 18:35:44][main.py:309]       exit on stage 3: 30.433% (1025 / 3368)
[2018-09-06 18:35:44][main.py:309]       exit on stage f: 45.249% (1524 / 3368)
[2018-09-06 18:35:44][main.py:276] >> test case 39
[2018-09-06 18:35:44][main.py:279]    expected p = 5.730%, 12.241%, 26.153%, 55.876%
[2018-09-06 18:35:44][main.py:280]    expected average budget = 2130310060.41 macc
[2018-09-06 18:35:56][main.py:293]    resulted average budget = 2052362378.64 macc
[2018-09-06 18:35:56][main.py:294]    resulted p = 6.710%, 15.113%, 29.929%, 48.248%
[2018-09-06 18:36:22][main.py:302]    CMC rank-1 = 88.806%, mAP = 72.899%
[2018-09-06 18:36:22][main.py:309]       exit on stage 1: 6.710% (226 / 3368)
[2018-09-06 18:36:22][main.py:309]       exit on stage 2: 15.113% (509 / 3368)
[2018-09-06 18:36:22][main.py:309]       exit on stage 3: 29.929% (1008 / 3368)
[2018-09-06 18:36:22][main.py:309]       exit on stage f: 48.248% (1625 / 3368)
[2018-09-06 18:36:22][main.py:276] >> test case 40
[2018-09-06 18:36:22][main.py:279]    expected p = 4.738%, 10.974%, 25.418%, 58.870%
[2018-09-06 18:36:22][main.py:280]    expected average budget = 2171508558.37 macc
[2018-09-06 18:36:33][main.py:293]    resulted average budget = 2098665595.74 macc
[2018-09-06 18:36:33][main.py:294]    resulted p = 5.582%, 13.628%, 29.335%, 51.455%
[2018-09-06 18:36:59][main.py:302]    CMC rank-1 = 88.777%, mAP = 73.148%
[2018-09-06 18:36:59][main.py:309]       exit on stage 1: 5.582% (188 / 3368)
[2018-09-06 18:36:59][main.py:309]       exit on stage 2: 13.628% (459 / 3368)
[2018-09-06 18:36:59][main.py:309]       exit on stage 3: 29.335% (988 / 3368)
[2018-09-06 18:36:59][main.py:309]       exit on stage f: 51.455% (1733 / 3368)
[2018-09-06 18:36:59][main.py:276] >> test case 41
[2018-09-06 18:36:59][main.py:279]    expected p = 3.818%, 9.670%, 24.490%, 62.022%
[2018-09-06 18:36:59][main.py:280]    expected average budget = 2212707056.33 macc
[2018-09-06 18:37:12][main.py:293]    resulted average budget = 2149365554.77 macc
[2018-09-06 18:37:12][main.py:294]    resulted p = 4.424%, 12.025%, 28.296%, 55.255%
[2018-09-06 18:37:39][main.py:302]    CMC rank-1 = 88.777%, mAP = 73.468%
[2018-09-06 18:37:39][main.py:309]       exit on stage 1: 4.424% (149 / 3368)
[2018-09-06 18:37:39][main.py:309]       exit on stage 2: 12.025% (405 / 3368)
[2018-09-06 18:37:39][main.py:309]       exit on stage 3: 28.296% (953 / 3368)
[2018-09-06 18:37:39][main.py:309]       exit on stage f: 55.255% (1861 / 3368)
[2018-09-06 18:37:39][main.py:276] >> test case 42
[2018-09-06 18:37:39][main.py:279]    expected p = 2.975%, 8.332%, 23.336%, 65.357%
[2018-09-06 18:37:39][main.py:280]    expected average budget = 2253905554.29 macc
[2018-09-06 18:37:51][main.py:293]    resulted average budget = 2196007409.71 macc
[2018-09-06 18:37:51][main.py:294]    resulted p = 3.741%, 10.065%, 27.138%, 59.056%
[2018-09-06 18:38:17][main.py:302]    CMC rank-1 = 88.747%, mAP = 73.735%
[2018-09-06 18:38:17][main.py:309]       exit on stage 1: 3.741% (126 / 3368)
[2018-09-06 18:38:17][main.py:309]       exit on stage 2: 10.065% (339 / 3368)
[2018-09-06 18:38:17][main.py:309]       exit on stage 3: 27.138% (914 / 3368)
[2018-09-06 18:38:17][main.py:309]       exit on stage f: 59.056% (1989 / 3368)
[2018-09-06 18:38:17][main.py:276] >> test case 43
[2018-09-06 18:38:17][main.py:279]    expected p = 2.215%, 6.967%, 21.911%, 68.907%
[2018-09-06 18:38:17][main.py:280]    expected average budget = 2295104052.24 macc
[2018-09-06 18:38:29][main.py:293]    resulted average budget = 2237211920.27 macc
[2018-09-06 18:38:29][main.py:294]    resulted p = 2.761%, 8.937%, 25.950%, 62.352%
[2018-09-06 18:38:53][main.py:302]    CMC rank-1 = 88.747%, mAP = 73.879%
[2018-09-06 18:38:53][main.py:309]       exit on stage 1: 2.761% (93 / 3368)
[2018-09-06 18:38:53][main.py:309]       exit on stage 2: 8.937% (301 / 3368)
[2018-09-06 18:38:53][main.py:309]       exit on stage 3: 25.950% (874 / 3368)
[2018-09-06 18:38:53][main.py:309]       exit on stage f: 62.352% (2100 / 3368)
[2018-09-06 18:38:53][main.py:276] >> test case 44
[2018-09-06 18:38:53][main.py:279]    expected p = 1.548%, 5.584%, 20.151%, 72.717%
[2018-09-06 18:38:53][main.py:280]    expected average budget = 2336302550.20 macc
[2018-09-06 18:39:04][main.py:293]    resulted average budget = 2286684651.02 macc
[2018-09-06 18:39:04][main.py:294]    resulted p = 2.108%, 6.977%, 24.080%, 66.835%
[2018-09-06 18:39:26][main.py:302]    CMC rank-1 = 88.717%, mAP = 73.976%
[2018-09-06 18:39:26][main.py:309]       exit on stage 1: 2.108% (71 / 3368)
[2018-09-06 18:39:26][main.py:309]       exit on stage 2: 6.977% (235 / 3368)
[2018-09-06 18:39:26][main.py:309]       exit on stage 3: 24.080% (811 / 3368)
[2018-09-06 18:39:26][main.py:309]       exit on stage f: 66.835% (2251 / 3368)
[2018-09-06 18:39:26][main.py:276] >> test case 45
[2018-09-06 18:39:26][main.py:279]    expected p = 0.982%, 4.201%, 17.967%, 76.850%
[2018-09-06 18:39:26][main.py:280]    expected average budget = 2377501048.16 macc
[2018-09-06 18:39:38][main.py:293]    resulted average budget = 2332414404.86 macc
[2018-09-06 18:39:38][main.py:294]    resulted p = 1.425%, 5.463%, 21.823%, 71.289%
[2018-09-06 18:39:59][main.py:302]    CMC rank-1 = 88.717%, mAP = 74.090%
[2018-09-06 18:39:59][main.py:309]       exit on stage 1: 1.425% (48 / 3368)
[2018-09-06 18:39:59][main.py:309]       exit on stage 2: 5.463% (184 / 3368)
[2018-09-06 18:39:59][main.py:309]       exit on stage 3: 21.823% (735 / 3368)
[2018-09-06 18:39:59][main.py:309]       exit on stage f: 71.289% (2401 / 3368)
[2018-09-06 18:39:59][main.py:276] >> test case 46
[2018-09-06 18:39:59][main.py:279]    expected p = 0.532%, 2.845%, 15.218%, 81.406%
[2018-09-06 18:39:59][main.py:280]    expected average budget = 2418699546.12 macc
[2018-09-06 18:40:11][main.py:293]    resulted average budget = 2385695778.36 macc
[2018-09-06 18:40:11][main.py:294]    resulted p = 0.772%, 3.682%, 18.646%, 76.900%
[2018-09-06 18:40:33][main.py:302]    CMC rank-1 = 88.717%, mAP = 74.213%
[2018-09-06 18:40:33][main.py:309]       exit on stage 1: 0.772% (26 / 3368)
[2018-09-06 18:40:33][main.py:309]       exit on stage 2: 3.682% (124 / 3368)
[2018-09-06 18:40:33][main.py:309]       exit on stage 3: 18.646% (628 / 3368)
[2018-09-06 18:40:33][main.py:309]       exit on stage f: 76.900% (2590 / 3368)
[2018-09-06 18:40:33][main.py:276] >> test case 47
[2018-09-06 18:40:33][main.py:279]    expected p = 0.212%, 1.574%, 11.673%, 86.540%
[2018-09-06 18:40:33][main.py:280]    expected average budget = 2459898044.08 macc
[2018-09-06 18:40:44][main.py:293]    resulted average budget = 2429823902.10 macc
[2018-09-06 18:40:44][main.py:294]    resulted p = 0.564%, 2.138%, 14.816%, 82.482%
[2018-09-06 18:41:06][main.py:302]    CMC rank-1 = 88.717%, mAP = 74.234%
[2018-09-06 18:41:06][main.py:309]       exit on stage 1: 0.564% (19 / 3368)
[2018-09-06 18:41:06][main.py:309]       exit on stage 2: 2.138% (72 / 3368)
[2018-09-06 18:41:06][main.py:309]       exit on stage 3: 14.816% (499 / 3368)
[2018-09-06 18:41:06][main.py:309]       exit on stage f: 82.482% (2778 / 3368)
[2018-09-06 18:41:06][main.py:276] >> test case 48
[2018-09-06 18:41:06][main.py:279]    expected p = 0.038%, 0.515%, 6.906%, 92.540%
[2018-09-06 18:41:06][main.py:280]    expected average budget = 2501096542.04 macc
[2018-09-06 18:41:18][main.py:293]    resulted average budget = 2479625062.61 macc
[2018-09-06 18:41:18][main.py:294]    resulted p = 0.416%, 0.891%, 8.700%, 89.994%
[2018-09-06 18:41:40][main.py:302]    CMC rank-1 = 88.717%, mAP = 74.244%
[2018-09-06 18:41:40][main.py:309]       exit on stage 1: 0.416% (14 / 3368)
[2018-09-06 18:41:40][main.py:309]       exit on stage 2: 0.891% (30 / 3368)
[2018-09-06 18:41:40][main.py:309]       exit on stage 3: 8.700% (293 / 3368)
[2018-09-06 18:41:40][main.py:309]       exit on stage f: 89.994% (3031 / 3368)
[2018-09-06 18:41:40][main.py:276] >> test case 49
[2018-09-06 18:41:40][main.py:279]    expected p = 0.000%, 0.000%, 0.000%, 100.000%
[2018-09-06 18:41:40][main.py:280]    expected average budget = 2542295040.00 macc
[2018-09-06 18:41:52][main.py:293]    resulted average budget = 2529481023.70 macc
[2018-09-06 18:41:52][main.py:294]    resulted p = 0.386%, 0.238%, 0.356%, 99.020%
[2018-09-06 18:42:14][main.py:302]    CMC rank-1 = 88.717%, mAP = 74.231%
[2018-09-06 18:42:14][main.py:309]       exit on stage 1: 0.386% (13 / 3368)
[2018-09-06 18:42:14][main.py:309]       exit on stage 2: 0.238% (8 / 3368)
[2018-09-06 18:42:14][main.py:309]       exit on stage 3: 0.356% (12 / 3368)
[2018-09-06 18:42:14][main.py:309]       exit on stage f: 99.020% (3335 / 3368)
[2018-09-06 18:42:14][main.py:323] CMC rank-1: 65.439%, 67.785%, 69.893%, 71.793%, 73.456%, 74.822%, 75.802%, 77.108%, 78.504%, 79.365%, 80.463%, 81.859%, 82.542%, 83.224%, 83.996%, 84.679%, 85.125%, 85.481%, 85.956%, 86.401%, 86.817%, 87.352%, 87.589%, 87.886%, 88.034%, 88.213%, 88.331%, 88.450%, 88.569%, 88.569%, 88.510%, 88.628%, 88.599%, 88.599%, 88.628%, 88.658%, 88.717%, 88.717%, 88.777%, 88.806%, 88.777%, 88.777%, 88.747%, 88.747%, 88.717%, 88.717%, 88.717%, 88.717%, 88.717%, 88.717%
[2018-09-06 18:42:14][main.py:324] expected average budgets: 523568640.00, 564767137.96, 605965635.92, 647164133.88, 688362631.84, 729561129.80, 770759627.76, 811958125.71, 853156623.67, 894355121.63, 935553619.59, 976752117.55, 1017950615.51, 1059149113.47, 1100347611.43, 1141546109.39, 1182744607.35, 1223943105.31, 1265141603.27, 1306340101.22, 1347538599.18, 1388737097.14, 1429935595.10, 1471134093.06, 1512332591.02, 1553531088.98, 1594729586.94, 1635928084.90, 1677126582.86, 1718325080.82, 1759523578.78, 1800722076.73, 1841920574.69, 1883119072.65, 1924317570.61, 1965516068.57, 2006714566.53, 2047913064.49, 2089111562.45, 2130310060.41, 2171508558.37, 2212707056.33, 2253905554.29, 2295104052.24, 2336302550.20, 2377501048.16, 2418699546.12, 2459898044.08, 2501096542.04, 2542295040.00
[2018-09-06 18:42:14][main.py:325] resulted average budgets: 523568640.00, 563086562.96, 601645280.99, 641602614.12, 675682927.58, 711473815.11, 744176248.55, 773650468.64, 813848963.34, 854710280.36, 892336682.41, 934011081.12, 967279673.16, 1007456802.51, 1047506425.62, 1083737535.85, 1121877103.58, 1150481295.51, 1189993794.58, 1221673977.46, 1262858118.38, 1304633134.06, 1346150361.69, 1384780579.57, 1428591558.99, 1467397327.35, 1511123503.43, 1540273301.43, 1582160009.43, 1621904192.61, 1662616638.02, 1699391573.89, 1736915340.62, 1782711098.53, 1819197823.70, 1862807961.24, 1908278512.04, 1957514582.80, 2008141389.07, 2052362378.64, 2098665595.74, 2149365554.77, 2196007409.71, 2237211920.27, 2286684651.02, 2332414404.86, 2385695778.36, 2429823902.10, 2479625062.61, 2529481023.70
[2018-09-06 18:42:14][main.py:326] average budget misalign rate: -4.044%
