[2018-09-06 18:42:20][main.py:336] results will be saved to /home/yy785/DeepMuRC/budgeted_stream/results/DaRe
[2018-09-06 18:42:20][main.py:337] logger file: random.log
[2018-09-06 18:42:21][main.py:231] loading data
[2018-09-06 18:42:28][main.py:233] finished loading data
[2018-09-06 18:42:28][main.py:242] -> confidence function: random
[2018-09-06 18:42:28][main.py:246] -> test on budget = 523568640.00, 564767137.96, 605965635.92, 647164133.88, 688362631.84, 729561129.80, 770759627.76, 811958125.71, 853156623.67, 894355121.63, 935553619.59, 976752117.55, 1017950615.51, 1059149113.47, 1100347611.43, 1141546109.39, 1182744607.35, 1223943105.31, 1265141603.27, 1306340101.22, 1347538599.18, 1388737097.14, 1429935595.10, 1471134093.06, 1512332591.02, 1553531088.98, 1594729586.94, 1635928084.90, 1677126582.86, 1718325080.82, 1759523578.78, 1800722076.73, 1841920574.69, 1883119072.65, 1924317570.61, 1965516068.57, 2006714566.53, 2047913064.49, 2089111562.45, 2130310060.41, 2171508558.37, 2212707056.33, 2253905554.29, 2295104052.24, 2336302550.20, 2377501048.16, 2418699546.12, 2459898044.08, 2501096542.04, 2542295040.00
[2018-09-06 18:42:28][main.py:249] -> stream budgeted simulation begins
[2018-09-06 18:42:28][main.py:276] >> test case 0
[2018-09-06 18:42:28][main.py:279]    expected p = 100.000%, 0.000%, 0.000%, 0.000%
[2018-09-06 18:42:28][main.py:280]    expected average budget = 523568640.00 macc
[2018-09-06 18:42:30][main.py:293]    resulted average budget = 523568640.00 macc
[2018-09-06 18:42:30][main.py:294]    resulted p = 100.000%, 0.000%, 0.000%, 0.000%
[2018-09-06 18:43:09][main.py:302]    CMC rank-1 = 65.439%, mAP = 43.457%
[2018-09-06 18:43:09][main.py:309]       exit on stage 1: 100.000% (3368 / 3368)
[2018-09-06 18:43:09][main.py:309]       exit on stage 2: 0.000% (0 / 3368)
[2018-09-06 18:43:09][main.py:309]       exit on stage 3: 0.000% (0 / 3368)
[2018-09-06 18:43:09][main.py:309]       exit on stage f: 0.000% (0 / 3368)
[2018-09-06 18:43:09][main.py:276] >> test case 1
[2018-09-06 18:43:09][main.py:279]    expected p = 93.424%, 6.576%, 0.000%, 0.000%
[2018-09-06 18:43:09][main.py:280]    expected average budget = 564767137.96 macc
[2018-09-06 18:43:10][main.py:293]    resulted average budget = 567656107.33 macc
[2018-09-06 18:43:10][main.py:294]    resulted p = 92.963%, 7.037%, 0.000%, 0.000%
[2018-09-06 18:43:47][main.py:302]    CMC rank-1 = 66.508%, mAP = 44.685%
[2018-09-06 18:43:47][main.py:309]       exit on stage 1: 92.963% (3131 / 3368)
[2018-09-06 18:43:47][main.py:309]       exit on stage 2: 7.037% (237 / 3368)
[2018-09-06 18:43:47][main.py:309]       exit on stage 3: 0.000% (0 / 3368)
[2018-09-06 18:43:47][main.py:309]       exit on stage f: 0.000% (0 / 3368)
[2018-09-06 18:43:47][main.py:276] >> test case 2
[2018-09-06 18:43:47][main.py:279]    expected p = 86.849%, 13.151%, 0.000%, 0.000%
[2018-09-06 18:43:47][main.py:280]    expected average budget = 605965635.92 macc
[2018-09-06 18:43:49][main.py:293]    resulted average budget = 608581182.48 macc
[2018-09-06 18:43:49][main.py:294]    resulted p = 86.431%, 13.569%, 0.000%, 0.000%
[2018-09-06 18:44:25][main.py:302]    CMC rank-1 = 67.162%, mAP = 45.740%
[2018-09-06 18:44:25][main.py:309]       exit on stage 1: 86.431% (2911 / 3368)
[2018-09-06 18:44:25][main.py:309]       exit on stage 2: 13.569% (457 / 3368)
[2018-09-06 18:44:25][main.py:309]       exit on stage 3: 0.000% (0 / 3368)
[2018-09-06 18:44:25][main.py:309]       exit on stage f: 0.000% (0 / 3368)
[2018-09-06 18:44:25][main.py:276] >> test case 3
[2018-09-06 18:44:25][main.py:279]    expected p = 80.273%, 19.727%, 0.000%, 0.000%
[2018-09-06 18:44:25][main.py:280]    expected average budget = 647164133.88 macc
[2018-09-06 18:44:27][main.py:293]    resulted average budget = 644483634.77 macc
[2018-09-06 18:44:27][main.py:294]    resulted p = 80.701%, 19.299%, 0.000%, 0.000%
[2018-09-06 18:45:01][main.py:302]    CMC rank-1 = 68.409%, mAP = 46.911%
[2018-09-06 18:45:01][main.py:309]       exit on stage 1: 80.701% (2718 / 3368)
[2018-09-06 18:45:01][main.py:309]       exit on stage 2: 19.299% (650 / 3368)
[2018-09-06 18:45:01][main.py:309]       exit on stage 3: 0.000% (0 / 3368)
[2018-09-06 18:45:01][main.py:309]       exit on stage f: 0.000% (0 / 3368)
[2018-09-06 18:45:01][main.py:276] >> test case 4
[2018-09-06 18:45:01][main.py:279]    expected p = 73.697%, 26.303%, 0.000%, 0.000%
[2018-09-06 18:45:01][main.py:280]    expected average budget = 688362631.84 macc
[2018-09-06 18:45:03][main.py:293]    resulted average budget = 690245309.72 macc
[2018-09-06 18:45:03][main.py:294]    resulted p = 73.397%, 26.603%, 0.000%, 0.000%
[2018-09-06 18:45:37][main.py:302]    CMC rank-1 = 69.507%, mAP = 48.074%
[2018-09-06 18:45:37][main.py:309]       exit on stage 1: 73.397% (2472 / 3368)
[2018-09-06 18:45:37][main.py:309]       exit on stage 2: 26.603% (896 / 3368)
[2018-09-06 18:45:37][main.py:309]       exit on stage 3: 0.000% (0 / 3368)
[2018-09-06 18:45:37][main.py:309]       exit on stage f: 0.000% (0 / 3368)
[2018-09-06 18:45:37][main.py:276] >> test case 5
[2018-09-06 18:45:37][main.py:279]    expected p = 67.121%, 32.879%, 0.000%, 0.000%
[2018-09-06 18:45:37][main.py:280]    expected average budget = 729561129.80 macc
[2018-09-06 18:45:39][main.py:293]    resulted average budget = 735448915.46 macc
[2018-09-06 18:45:39][main.py:294]    resulted p = 66.182%, 33.818%, 0.000%, 0.000%
[2018-09-06 18:46:13][main.py:302]    CMC rank-1 = 70.635%, mAP = 49.393%
[2018-09-06 18:46:13][main.py:309]       exit on stage 1: 66.182% (2229 / 3368)
[2018-09-06 18:46:13][main.py:309]       exit on stage 2: 33.818% (1139 / 3368)
[2018-09-06 18:46:13][main.py:309]       exit on stage 3: 0.000% (0 / 3368)
[2018-09-06 18:46:13][main.py:309]       exit on stage f: 0.000% (0 / 3368)
[2018-09-06 18:46:13][main.py:276] >> test case 6
[2018-09-06 18:46:13][main.py:279]    expected p = 60.546%, 39.454%, 0.000%, 0.000%
[2018-09-06 18:46:13][main.py:280]    expected average budget = 770759627.76 macc
[2018-09-06 18:46:15][main.py:293]    resulted average budget = 769677160.13 macc
[2018-09-06 18:46:15][main.py:294]    resulted p = 60.719%, 39.281%, 0.000%, 0.000%
[2018-09-06 18:46:48][main.py:302]    CMC rank-1 = 71.526%, mAP = 50.696%
[2018-09-06 18:46:48][main.py:309]       exit on stage 1: 60.719% (2045 / 3368)
[2018-09-06 18:46:48][main.py:309]       exit on stage 2: 39.281% (1323 / 3368)
[2018-09-06 18:46:48][main.py:309]       exit on stage 3: 0.000% (0 / 3368)
[2018-09-06 18:46:48][main.py:309]       exit on stage f: 0.000% (0 / 3368)
[2018-09-06 18:46:48][main.py:276] >> test case 7
[2018-09-06 18:46:48][main.py:279]    expected p = 53.970%, 46.030%, 0.000%, 0.000%
[2018-09-06 18:46:48][main.py:280]    expected average budget = 811958125.71 macc
[2018-09-06 18:46:50][main.py:293]    resulted average budget = 814322696.67 macc
[2018-09-06 18:46:50][main.py:294]    resulted p = 53.593%, 46.407%, 0.000%, 0.000%
[2018-09-06 18:47:22][main.py:302]    CMC rank-1 = 72.892%, mAP = 51.804%
[2018-09-06 18:47:22][main.py:309]       exit on stage 1: 53.593% (1805 / 3368)
[2018-09-06 18:47:22][main.py:309]       exit on stage 2: 46.407% (1563 / 3368)
[2018-09-06 18:47:22][main.py:309]       exit on stage 3: 0.000% (0 / 3368)
[2018-09-06 18:47:22][main.py:309]       exit on stage f: 0.000% (0 / 3368)
[2018-09-06 18:47:22][main.py:276] >> test case 8
[2018-09-06 18:47:22][main.py:279]    expected p = 47.394%, 52.606%, 0.000%, 0.000%
[2018-09-06 18:47:22][main.py:280]    expected average budget = 853156623.67 macc
[2018-09-06 18:47:24][main.py:293]    resulted average budget = 848922987.48 macc
[2018-09-06 18:47:24][main.py:294]    resulted p = 48.070%, 51.930%, 0.000%, 0.000%
[2018-09-06 18:47:56][main.py:302]    CMC rank-1 = 73.426%, mAP = 53.054%
[2018-09-06 18:47:56][main.py:309]       exit on stage 1: 48.070% (1619 / 3368)
[2018-09-06 18:47:56][main.py:309]       exit on stage 2: 51.930% (1749 / 3368)
[2018-09-06 18:47:56][main.py:309]       exit on stage 3: 0.000% (0 / 3368)
[2018-09-06 18:47:56][main.py:309]       exit on stage f: 0.000% (0 / 3368)
[2018-09-06 18:47:56][main.py:276] >> test case 9
[2018-09-06 18:47:56][main.py:279]    expected p = 40.819%, 59.181%, 0.000%, 0.000%
[2018-09-06 18:47:56][main.py:280]    expected average budget = 894355121.63 macc
[2018-09-06 18:47:59][main.py:293]    resulted average budget = 882221116.81 macc
[2018-09-06 18:47:59][main.py:294]    resulted p = 42.755%, 57.245%, 0.000%, 0.000%
[2018-09-06 18:48:29][main.py:302]    CMC rank-1 = 75.030%, mAP = 53.906%
[2018-09-06 18:48:29][main.py:309]       exit on stage 1: 42.755% (1440 / 3368)
[2018-09-06 18:48:29][main.py:309]       exit on stage 2: 57.245% (1928 / 3368)
[2018-09-06 18:48:29][main.py:309]       exit on stage 3: 0.000% (0 / 3368)
[2018-09-06 18:48:29][main.py:309]       exit on stage f: 0.000% (0 / 3368)
[2018-09-06 18:48:29][main.py:276] >> test case 10
[2018-09-06 18:48:29][main.py:279]    expected p = 34.243%, 65.757%, 0.000%, 0.000%
[2018-09-06 18:48:29][main.py:280]    expected average budget = 935553619.59 macc
[2018-09-06 18:48:32][main.py:293]    resulted average budget = 938772129.75 macc
[2018-09-06 18:48:32][main.py:294]    resulted p = 33.729%, 66.271%, 0.000%, 0.000%
[2018-09-06 18:49:02][main.py:302]    CMC rank-1 = 75.416%, mAP = 55.400%
[2018-09-06 18:49:02][main.py:309]       exit on stage 1: 33.729% (1136 / 3368)
[2018-09-06 18:49:02][main.py:309]       exit on stage 2: 66.271% (2232 / 3368)
[2018-09-06 18:49:02][main.py:309]       exit on stage 3: 0.000% (0 / 3368)
[2018-09-06 18:49:02][main.py:309]       exit on stage f: 0.000% (0 / 3368)
[2018-09-06 18:49:02][main.py:276] >> test case 11
[2018-09-06 18:49:02][main.py:279]    expected p = 27.667%, 72.333%, 0.000%, 0.000%
[2018-09-06 18:49:02][main.py:280]    expected average budget = 976752117.55 macc
[2018-09-06 18:49:05][main.py:293]    resulted average budget = 985463920.04 macc
[2018-09-06 18:49:05][main.py:294]    resulted p = 26.277%, 73.723%, 0.000%, 0.000%
[2018-09-06 18:49:33][main.py:302]    CMC rank-1 = 76.989%, mAP = 56.716%
[2018-09-06 18:49:33][main.py:309]       exit on stage 1: 26.277% (885 / 3368)
[2018-09-06 18:49:33][main.py:309]       exit on stage 2: 73.723% (2483 / 3368)
[2018-09-06 18:49:33][main.py:309]       exit on stage 3: 0.000% (0 / 3368)
[2018-09-06 18:49:33][main.py:309]       exit on stage f: 0.000% (0 / 3368)
[2018-09-06 18:49:33][main.py:276] >> test case 12
[2018-09-06 18:49:33][main.py:279]    expected p = 21.092%, 78.908%, 0.000%, 0.000%
[2018-09-06 18:49:33][main.py:280]    expected average budget = 1017950615.51 macc
[2018-09-06 18:49:36][main.py:293]    resulted average budget = 1015785680.27 macc
[2018-09-06 18:49:36][main.py:294]    resulted p = 21.437%, 78.563%, 0.000%, 0.000%
[2018-09-06 18:50:05][main.py:302]    CMC rank-1 = 77.821%, mAP = 57.410%
[2018-09-06 18:50:05][main.py:309]       exit on stage 1: 21.437% (722 / 3368)
[2018-09-06 18:50:05][main.py:309]       exit on stage 2: 78.563% (2646 / 3368)
[2018-09-06 18:50:05][main.py:309]       exit on stage 3: 0.000% (0 / 3368)
[2018-09-06 18:50:05][main.py:309]       exit on stage f: 0.000% (0 / 3368)
[2018-09-06 18:50:05][main.py:276] >> test case 13
[2018-09-06 18:50:05][main.py:279]    expected p = 14.516%, 85.484%, 0.000%, 0.000%
[2018-09-06 18:50:05][main.py:280]    expected average budget = 1059149113.47 macc
[2018-09-06 18:50:08][main.py:293]    resulted average budget = 1057640870.76 macc
[2018-09-06 18:50:08][main.py:294]    resulted p = 14.757%, 85.243%, 0.000%, 0.000%
[2018-09-06 18:50:35][main.py:302]    CMC rank-1 = 78.890%, mAP = 58.702%
[2018-09-06 18:50:35][main.py:309]       exit on stage 1: 14.757% (497 / 3368)
[2018-09-06 18:50:35][main.py:309]       exit on stage 2: 85.243% (2871 / 3368)
[2018-09-06 18:50:35][main.py:309]       exit on stage 3: 0.000% (0 / 3368)
[2018-09-06 18:50:35][main.py:309]       exit on stage f: 0.000% (0 / 3368)
[2018-09-06 18:50:35][main.py:276] >> test case 14
[2018-09-06 18:50:35][main.py:279]    expected p = 7.940%, 92.060%, 0.000%, 0.000%
[2018-09-06 18:50:35][main.py:280]    expected average budget = 1100347611.43 macc
[2018-09-06 18:50:38][main.py:293]    resulted average budget = 1103960614.92 macc
[2018-09-06 18:50:38][main.py:294]    resulted p = 7.363%, 92.637%, 0.000%, 0.000%
[2018-09-06 18:51:05][main.py:302]    CMC rank-1 = 79.572%, mAP = 59.890%
[2018-09-06 18:51:05][main.py:309]       exit on stage 1: 7.363% (248 / 3368)
[2018-09-06 18:51:05][main.py:309]       exit on stage 2: 92.637% (3120 / 3368)
[2018-09-06 18:51:05][main.py:309]       exit on stage 3: 0.000% (0 / 3368)
[2018-09-06 18:51:05][main.py:309]       exit on stage f: 0.000% (0 / 3368)
[2018-09-06 18:51:05][main.py:276] >> test case 15
[2018-09-06 18:51:05][main.py:279]    expected p = 1.364%, 98.636%, 0.000%, 0.000%
[2018-09-06 18:51:05][main.py:280]    expected average budget = 1141546109.39 macc
[2018-09-06 18:51:08][main.py:293]    resulted average budget = 1141537274.83 macc
[2018-09-06 18:51:08][main.py:294]    resulted p = 1.366%, 98.634%, 0.000%, 0.000%
[2018-09-06 18:51:35][main.py:302]    CMC rank-1 = 80.701%, mAP = 61.063%
[2018-09-06 18:51:35][main.py:309]       exit on stage 1: 1.366% (46 / 3368)
[2018-09-06 18:51:35][main.py:309]       exit on stage 2: 98.634% (3322 / 3368)
[2018-09-06 18:51:35][main.py:309]       exit on stage 3: 0.000% (0 / 3368)
[2018-09-06 18:51:35][main.py:309]       exit on stage f: 0.000% (0 / 3368)
[2018-09-06 18:51:35][main.py:276] >> test case 16
[2018-09-06 18:51:35][main.py:279]    expected p = 0.000%, 96.415%, 3.585%, 0.000%
[2018-09-06 18:51:35][main.py:280]    expected average budget = 1182744607.35 macc
[2018-09-06 18:51:38][main.py:293]    resulted average budget = 1183357687.03 macc
[2018-09-06 18:51:38][main.py:294]    resulted p = 0.000%, 96.348%, 3.652%, 0.000%
[2018-09-06 18:52:04][main.py:302]    CMC rank-1 = 80.998%, mAP = 61.756%
[2018-09-06 18:52:04][main.py:309]       exit on stage 1: 0.000% (0 / 3368)
[2018-09-06 18:52:04][main.py:309]       exit on stage 2: 96.348% (3245 / 3368)
[2018-09-06 18:52:04][main.py:309]       exit on stage 3: 3.652% (123 / 3368)
[2018-09-06 18:52:04][main.py:309]       exit on stage f: 0.000% (0 / 3368)
[2018-09-06 18:52:04][main.py:276] >> test case 17
[2018-09-06 18:52:04][main.py:279]    expected p = 0.000%, 91.892%, 8.108%, 0.000%
[2018-09-06 18:52:04][main.py:280]    expected average budget = 1223943105.31 macc
[2018-09-06 18:52:07][main.py:293]    resulted average budget = 1224193183.01 macc
[2018-09-06 18:52:07][main.py:294]    resulted p = 0.000%, 91.865%, 8.135%, 0.000%
[2018-09-06 18:52:33][main.py:302]    CMC rank-1 = 81.591%, mAP = 62.245%
[2018-09-06 18:52:33][main.py:309]       exit on stage 1: 0.000% (0 / 3368)
[2018-09-06 18:52:33][main.py:309]       exit on stage 2: 91.865% (3094 / 3368)
[2018-09-06 18:52:33][main.py:309]       exit on stage 3: 8.135% (274 / 3368)
[2018-09-06 18:52:33][main.py:309]       exit on stage f: 0.000% (0 / 3368)
[2018-09-06 18:52:33][main.py:276] >> test case 18
[2018-09-06 18:52:33][main.py:279]    expected p = 0.000%, 87.369%, 12.631%, 0.000%
[2018-09-06 18:52:33][main.py:280]    expected average budget = 1265141603.27 macc
[2018-09-06 18:52:36][main.py:293]    resulted average budget = 1261513040.27 macc
[2018-09-06 18:52:36][main.py:294]    resulted p = 0.000%, 87.767%, 12.233%, 0.000%
[2018-09-06 18:53:01][main.py:302]    CMC rank-1 = 81.116%, mAP = 62.778%
[2018-09-06 18:53:01][main.py:309]       exit on stage 1: 0.000% (0 / 3368)
[2018-09-06 18:53:01][main.py:309]       exit on stage 2: 87.767% (2956 / 3368)
[2018-09-06 18:53:01][main.py:309]       exit on stage 3: 12.233% (412 / 3368)
[2018-09-06 18:53:01][main.py:309]       exit on stage f: 0.000% (0 / 3368)
[2018-09-06 18:53:01][main.py:276] >> test case 19
[2018-09-06 18:53:01][main.py:279]    expected p = 0.000%, 82.846%, 17.154%, 0.000%
[2018-09-06 18:53:01][main.py:280]    expected average budget = 1306340101.22 macc
[2018-09-06 18:53:05][main.py:293]    resulted average budget = 1307486777.46 macc
[2018-09-06 18:53:05][main.py:294]    resulted p = 0.000%, 82.720%, 17.280%, 0.000%
[2018-09-06 18:53:30][main.py:302]    CMC rank-1 = 82.037%, mAP = 63.426%
[2018-09-06 18:53:30][main.py:309]       exit on stage 1: 0.000% (0 / 3368)
[2018-09-06 18:53:30][main.py:309]       exit on stage 2: 82.720% (2786 / 3368)
[2018-09-06 18:53:30][main.py:309]       exit on stage 3: 17.280% (582 / 3368)
[2018-09-06 18:53:30][main.py:309]       exit on stage f: 0.000% (0 / 3368)
[2018-09-06 18:53:30][main.py:276] >> test case 20
[2018-09-06 18:53:30][main.py:279]    expected p = 0.000%, 78.322%, 21.678%, 0.000%
[2018-09-06 18:53:30][main.py:280]    expected average budget = 1347538599.18 macc
[2018-09-06 18:53:33][main.py:293]    resulted average budget = 1345888369.71 macc
[2018-09-06 18:53:33][main.py:294]    resulted p = 0.000%, 78.504%, 21.496%, 0.000%
[2018-09-06 18:53:58][main.py:302]    CMC rank-1 = 82.452%, mAP = 63.602%
[2018-09-06 18:53:58][main.py:309]       exit on stage 1: 0.000% (0 / 3368)
[2018-09-06 18:53:58][main.py:309]       exit on stage 2: 78.504% (2644 / 3368)
[2018-09-06 18:53:58][main.py:309]       exit on stage 3: 21.496% (724 / 3368)
[2018-09-06 18:53:58][main.py:309]       exit on stage f: 0.000% (0 / 3368)
[2018-09-06 18:53:58][main.py:276] >> test case 21
[2018-09-06 18:53:58][main.py:279]    expected p = 0.000%, 73.799%, 26.201%, 0.000%
[2018-09-06 18:53:58][main.py:280]    expected average budget = 1388737097.14 macc
[2018-09-06 18:54:02][main.py:293]    resulted average budget = 1380503889.48 macc
[2018-09-06 18:54:02][main.py:294]    resulted p = 0.000%, 74.703%, 25.297%, 0.000%
[2018-09-06 18:54:27][main.py:302]    CMC rank-1 = 82.571%, mAP = 64.279%
[2018-09-06 18:54:27][main.py:309]       exit on stage 1: 0.000% (0 / 3368)
[2018-09-06 18:54:27][main.py:309]       exit on stage 2: 74.703% (2516 / 3368)
[2018-09-06 18:54:27][main.py:309]       exit on stage 3: 25.297% (852 / 3368)
[2018-09-06 18:54:27][main.py:309]       exit on stage f: 0.000% (0 / 3368)
[2018-09-06 18:54:27][main.py:276] >> test case 22
[2018-09-06 18:54:27][main.py:279]    expected p = 0.000%, 69.276%, 30.724%, 0.000%
[2018-09-06 18:54:27][main.py:280]    expected average budget = 1429935595.10 macc
[2018-09-06 18:54:30][main.py:293]    resulted average budget = 1441621916.58 macc
[2018-09-06 18:54:30][main.py:294]    resulted p = 0.000%, 67.993%, 32.007%, 0.000%
[2018-09-06 18:54:55][main.py:302]    CMC rank-1 = 83.224%, mAP = 65.168%
[2018-09-06 18:54:55][main.py:309]       exit on stage 1: 0.000% (0 / 3368)
[2018-09-06 18:54:55][main.py:309]       exit on stage 2: 67.993% (2290 / 3368)
[2018-09-06 18:54:55][main.py:309]       exit on stage 3: 32.007% (1078 / 3368)
[2018-09-06 18:54:55][main.py:309]       exit on stage f: 0.000% (0 / 3368)
[2018-09-06 18:54:55][main.py:276] >> test case 23
[2018-09-06 18:54:55][main.py:279]    expected p = 0.000%, 64.753%, 35.247%, 0.000%
[2018-09-06 18:54:55][main.py:280]    expected average budget = 1471134093.06 macc
[2018-09-06 18:54:58][main.py:293]    resulted average budget = 1477048737.60 macc
[2018-09-06 18:54:58][main.py:294]    resulted p = 0.000%, 64.103%, 35.897%, 0.000%
[2018-09-06 18:55:23][main.py:302]    CMC rank-1 = 83.254%, mAP = 65.633%
[2018-09-06 18:55:23][main.py:309]       exit on stage 1: 0.000% (0 / 3368)
[2018-09-06 18:55:23][main.py:309]       exit on stage 2: 64.103% (2159 / 3368)
[2018-09-06 18:55:23][main.py:309]       exit on stage 3: 35.897% (1209 / 3368)
[2018-09-06 18:55:23][main.py:309]       exit on stage f: 0.000% (0 / 3368)
[2018-09-06 18:55:23][main.py:276] >> test case 24
[2018-09-06 18:55:23][main.py:279]    expected p = 0.000%, 60.229%, 39.771%, 0.000%
[2018-09-06 18:55:23][main.py:280]    expected average budget = 1512332591.02 macc
[2018-09-06 18:55:26][main.py:293]    resulted average budget = 1520588571.06 macc
[2018-09-06 18:55:26][main.py:294]    resulted p = 0.000%, 59.323%, 40.677%, 0.000%
[2018-09-06 18:55:50][main.py:302]    CMC rank-1 = 84.175%, mAP = 66.399%
[2018-09-06 18:55:50][main.py:309]       exit on stage 1: 0.000% (0 / 3368)
[2018-09-06 18:55:50][main.py:309]       exit on stage 2: 59.323% (1998 / 3368)
[2018-09-06 18:55:50][main.py:309]       exit on stage 3: 40.677% (1370 / 3368)
[2018-09-06 18:55:50][main.py:309]       exit on stage f: 0.000% (0 / 3368)
[2018-09-06 18:55:50][main.py:276] >> test case 25
[2018-09-06 18:55:50][main.py:279]    expected p = 0.000%, 55.706%, 44.294%, 0.000%
[2018-09-06 18:55:50][main.py:280]    expected average budget = 1553531088.98 macc
[2018-09-06 18:55:54][main.py:293]    resulted average budget = 1548984114.62 macc
[2018-09-06 18:55:54][main.py:294]    resulted p = 0.000%, 56.205%, 43.795%, 0.000%
[2018-09-06 18:56:18][main.py:302]    CMC rank-1 = 84.056%, mAP = 66.358%
[2018-09-06 18:56:18][main.py:309]       exit on stage 1: 0.000% (0 / 3368)
[2018-09-06 18:56:18][main.py:309]       exit on stage 2: 56.205% (1893 / 3368)
[2018-09-06 18:56:18][main.py:309]       exit on stage 3: 43.795% (1475 / 3368)
[2018-09-06 18:56:18][main.py:309]       exit on stage f: 0.000% (0 / 3368)
[2018-09-06 18:56:18][main.py:276] >> test case 26
[2018-09-06 18:56:18][main.py:279]    expected p = 0.000%, 51.183%, 48.817%, 0.000%
[2018-09-06 18:56:18][main.py:280]    expected average budget = 1594729586.94 macc
[2018-09-06 18:56:21][main.py:293]    resulted average budget = 1594687418.07 macc
[2018-09-06 18:56:21][main.py:294]    resulted p = 0.000%, 51.188%, 48.812%, 0.000%
[2018-09-06 18:56:45][main.py:302]    CMC rank-1 = 84.175%, mAP = 67.303%
[2018-09-06 18:56:45][main.py:309]       exit on stage 1: 0.000% (0 / 3368)
[2018-09-06 18:56:45][main.py:309]       exit on stage 2: 51.188% (1724 / 3368)
[2018-09-06 18:56:45][main.py:309]       exit on stage 3: 48.812% (1644 / 3368)
[2018-09-06 18:56:45][main.py:309]       exit on stage f: 0.000% (0 / 3368)
[2018-09-06 18:56:45][main.py:276] >> test case 27
[2018-09-06 18:56:45][main.py:279]    expected p = 0.000%, 46.660%, 53.340%, 0.000%
[2018-09-06 18:56:45][main.py:280]    expected average budget = 1635928084.90 macc
[2018-09-06 18:56:49][main.py:293]    resulted average budget = 1629843805.34 macc
[2018-09-06 18:56:49][main.py:294]    resulted p = 0.000%, 47.328%, 52.672%, 0.000%
[2018-09-06 18:57:12][main.py:302]    CMC rank-1 = 84.204%, mAP = 67.322%
[2018-09-06 18:57:12][main.py:309]       exit on stage 1: 0.000% (0 / 3368)
[2018-09-06 18:57:12][main.py:309]       exit on stage 2: 47.328% (1594 / 3368)
[2018-09-06 18:57:12][main.py:309]       exit on stage 3: 52.672% (1774 / 3368)
[2018-09-06 18:57:12][main.py:309]       exit on stage f: 0.000% (0 / 3368)
[2018-09-06 18:57:12][main.py:276] >> test case 28
[2018-09-06 18:57:12][main.py:279]    expected p = 0.000%, 42.137%, 57.863%, 0.000%
[2018-09-06 18:57:12][main.py:280]    expected average budget = 1677126582.86 macc
[2018-09-06 18:57:16][main.py:293]    resulted average budget = 1663107156.37 macc
[2018-09-06 18:57:16][main.py:294]    resulted p = 0.000%, 43.676%, 56.324%, 0.000%
[2018-09-06 18:57:39][main.py:302]    CMC rank-1 = 85.006%, mAP = 68.124%
[2018-09-06 18:57:39][main.py:309]       exit on stage 1: 0.000% (0 / 3368)
[2018-09-06 18:57:39][main.py:309]       exit on stage 2: 43.676% (1471 / 3368)
[2018-09-06 18:57:39][main.py:309]       exit on stage 3: 56.324% (1897 / 3368)
[2018-09-06 18:57:39][main.py:309]       exit on stage f: 0.000% (0 / 3368)
[2018-09-06 18:57:39][main.py:276] >> test case 29
[2018-09-06 18:57:39][main.py:279]    expected p = 0.000%, 37.613%, 62.387%, 0.000%
[2018-09-06 18:57:39][main.py:280]    expected average budget = 1718325080.82 macc
[2018-09-06 18:57:43][main.py:293]    resulted average budget = 1710973929.81 macc
[2018-09-06 18:57:43][main.py:294]    resulted p = 0.000%, 38.420%, 61.580%, 0.000%
[2018-09-06 18:58:06][main.py:302]    CMC rank-1 = 84.976%, mAP = 68.533%
[2018-09-06 18:58:06][main.py:309]       exit on stage 1: 0.000% (0 / 3368)
[2018-09-06 18:58:06][main.py:309]       exit on stage 2: 38.420% (1294 / 3368)
[2018-09-06 18:58:06][main.py:309]       exit on stage 3: 61.580% (2074 / 3368)
[2018-09-06 18:58:06][main.py:309]       exit on stage f: 0.000% (0 / 3368)
[2018-09-06 18:58:06][main.py:276] >> test case 30
[2018-09-06 18:58:06][main.py:279]    expected p = 0.000%, 33.090%, 66.910%, 0.000%
[2018-09-06 18:58:06][main.py:280]    expected average budget = 1759523578.78 macc
[2018-09-06 18:58:10][main.py:293]    resulted average budget = 1748834654.56 macc
[2018-09-06 18:58:10][main.py:294]    resulted p = 0.000%, 34.264%, 65.736%, 0.000%
[2018-09-06 18:58:33][main.py:302]    CMC rank-1 = 85.273%, mAP = 68.908%
[2018-09-06 18:58:33][main.py:309]       exit on stage 1: 0.000% (0 / 3368)
[2018-09-06 18:58:33][main.py:309]       exit on stage 2: 34.264% (1154 / 3368)
[2018-09-06 18:58:33][main.py:309]       exit on stage 3: 65.736% (2214 / 3368)
[2018-09-06 18:58:33][main.py:309]       exit on stage f: 0.000% (0 / 3368)
[2018-09-06 18:58:33][main.py:276] >> test case 31
[2018-09-06 18:58:33][main.py:279]    expected p = 0.000%, 28.567%, 71.433%, 0.000%
[2018-09-06 18:58:33][main.py:280]    expected average budget = 1800722076.73 macc
[2018-09-06 18:58:37][main.py:293]    resulted average budget = 1805625741.68 macc
[2018-09-06 18:58:37][main.py:294]    resulted p = 0.000%, 28.029%, 71.971%, 0.000%
[2018-09-06 18:58:59][main.py:302]    CMC rank-1 = 85.867%, mAP = 69.731%
[2018-09-06 18:58:59][main.py:309]       exit on stage 1: 0.000% (0 / 3368)
[2018-09-06 18:58:59][main.py:309]       exit on stage 2: 28.029% (944 / 3368)
[2018-09-06 18:58:59][main.py:309]       exit on stage 3: 71.971% (2424 / 3368)
[2018-09-06 18:58:59][main.py:309]       exit on stage f: 0.000% (0 / 3368)
[2018-09-06 18:58:59][main.py:276] >> test case 32
[2018-09-06 18:58:59][main.py:279]    expected p = 0.000%, 24.044%, 75.956%, 0.000%
[2018-09-06 18:58:59][main.py:280]    expected average budget = 1841920574.69 macc
[2018-09-06 18:59:03][main.py:293]    resulted average budget = 1841322996.45 macc
[2018-09-06 18:59:03][main.py:294]    resulted p = 0.000%, 24.109%, 75.891%, 0.000%
[2018-09-06 18:59:25][main.py:302]    CMC rank-1 = 85.748%, mAP = 70.229%
[2018-09-06 18:59:25][main.py:309]       exit on stage 1: 0.000% (0 / 3368)
[2018-09-06 18:59:25][main.py:309]       exit on stage 2: 24.109% (812 / 3368)
[2018-09-06 18:59:25][main.py:309]       exit on stage 3: 75.891% (2556 / 3368)
[2018-09-06 18:59:25][main.py:309]       exit on stage f: 0.000% (0 / 3368)
[2018-09-06 18:59:25][main.py:276] >> test case 33
[2018-09-06 18:59:25][main.py:279]    expected p = 0.000%, 19.520%, 80.480%, 0.000%
[2018-09-06 18:59:25][main.py:280]    expected average budget = 1883119072.65 macc
[2018-09-06 18:59:29][main.py:293]    resulted average budget = 1875668082.47 macc
[2018-09-06 18:59:29][main.py:294]    resulted p = 0.000%, 20.338%, 79.662%, 0.000%
[2018-09-06 18:59:51][main.py:302]    CMC rank-1 = 86.015%, mAP = 70.604%
[2018-09-06 18:59:51][main.py:309]       exit on stage 1: 0.000% (0 / 3368)
[2018-09-06 18:59:51][main.py:309]       exit on stage 2: 20.338% (685 / 3368)
[2018-09-06 18:59:51][main.py:309]       exit on stage 3: 79.662% (2683 / 3368)
[2018-09-06 18:59:51][main.py:309]       exit on stage f: 0.000% (0 / 3368)
[2018-09-06 18:59:51][main.py:276] >> test case 34
[2018-09-06 18:59:51][main.py:279]    expected p = 0.000%, 14.997%, 85.003%, 0.000%
[2018-09-06 18:59:51][main.py:280]    expected average budget = 1924317570.61 macc
[2018-09-06 18:59:55][main.py:293]    resulted average budget = 1930836567.11 macc
[2018-09-06 18:59:55][main.py:294]    resulted p = 0.000%, 14.281%, 85.719%, 0.000%
[2018-09-06 19:00:17][main.py:302]    CMC rank-1 = 86.372%, mAP = 71.274%
[2018-09-06 19:00:17][main.py:309]       exit on stage 1: 0.000% (0 / 3368)
[2018-09-06 19:00:17][main.py:309]       exit on stage 2: 14.281% (481 / 3368)
[2018-09-06 19:00:17][main.py:309]       exit on stage 3: 85.719% (2887 / 3368)
[2018-09-06 19:00:17][main.py:309]       exit on stage f: 0.000% (0 / 3368)
[2018-09-06 19:00:17][main.py:276] >> test case 35
[2018-09-06 19:00:17][main.py:279]    expected p = 0.000%, 10.474%, 89.526%, 0.000%
[2018-09-06 19:00:17][main.py:280]    expected average budget = 1965516068.57 macc
[2018-09-06 19:00:21][main.py:293]    resulted average budget = 1962747749.40 macc
[2018-09-06 19:00:21][main.py:294]    resulted p = 0.000%, 10.778%, 89.222%, 0.000%
[2018-09-06 19:00:42][main.py:302]    CMC rank-1 = 86.847%, mAP = 71.805%
[2018-09-06 19:00:42][main.py:309]       exit on stage 1: 0.000% (0 / 3368)
[2018-09-06 19:00:42][main.py:309]       exit on stage 2: 10.778% (363 / 3368)
[2018-09-06 19:00:42][main.py:309]       exit on stage 3: 89.222% (3005 / 3368)
[2018-09-06 19:00:42][main.py:309]       exit on stage f: 0.000% (0 / 3368)
[2018-09-06 19:00:42][main.py:276] >> test case 36
[2018-09-06 19:00:42][main.py:279]    expected p = 0.000%, 5.951%, 94.049%, 0.000%
[2018-09-06 19:00:42][main.py:280]    expected average budget = 2006714566.53 macc
[2018-09-06 19:00:47][main.py:293]    resulted average budget = 2006558016.61 macc
[2018-09-06 19:00:47][main.py:294]    resulted p = 0.000%, 5.968%, 94.032%, 0.000%
[2018-09-06 19:01:08][main.py:302]    CMC rank-1 = 87.055%, mAP = 72.261%
[2018-09-06 19:01:08][main.py:309]       exit on stage 1: 0.000% (0 / 3368)
[2018-09-06 19:01:08][main.py:309]       exit on stage 2: 5.968% (201 / 3368)
[2018-09-06 19:01:08][main.py:309]       exit on stage 3: 94.032% (3167 / 3368)
[2018-09-06 19:01:08][main.py:309]       exit on stage f: 0.000% (0 / 3368)
[2018-09-06 19:01:08][main.py:276] >> test case 37
[2018-09-06 19:01:08][main.py:279]    expected p = 0.000%, 1.428%, 98.572%, 0.000%
[2018-09-06 19:01:08][main.py:280]    expected average budget = 2047913064.49 macc
[2018-09-06 19:01:12][main.py:293]    resulted average budget = 2047393512.59 macc
[2018-09-06 19:01:12][main.py:294]    resulted p = 0.000%, 1.485%, 98.515%, 0.000%
[2018-09-06 19:01:33][main.py:302]    CMC rank-1 = 87.411%, mAP = 72.858%
[2018-09-06 19:01:33][main.py:309]       exit on stage 1: 0.000% (0 / 3368)
[2018-09-06 19:01:33][main.py:309]       exit on stage 2: 1.485% (50 / 3368)
[2018-09-06 19:01:33][main.py:309]       exit on stage 3: 98.515% (3318 / 3368)
[2018-09-06 19:01:33][main.py:309]       exit on stage f: 0.000% (0 / 3368)
[2018-09-06 19:01:33][main.py:276] >> test case 38
[2018-09-06 19:01:33][main.py:279]    expected p = 0.000%, 0.000%, 94.143%, 5.857%
[2018-09-06 19:01:33][main.py:280]    expected average budget = 2089111562.45 macc
[2018-09-06 19:01:37][main.py:293]    resulted average budget = 2089929483.71 macc
[2018-09-06 19:01:37][main.py:294]    resulted p = 0.000%, 0.000%, 93.973%, 6.027%
[2018-09-06 19:01:58][main.py:302]    CMC rank-1 = 87.738%, mAP = 73.192%
[2018-09-06 19:01:58][main.py:309]       exit on stage 1: 0.000% (0 / 3368)
[2018-09-06 19:01:58][main.py:309]       exit on stage 2: 0.000% (0 / 3368)
[2018-09-06 19:01:58][main.py:309]       exit on stage 3: 93.973% (3165 / 3368)
[2018-09-06 19:01:58][main.py:309]       exit on stage f: 6.027% (203 / 3368)
[2018-09-06 19:01:58][main.py:276] >> test case 39
[2018-09-06 19:01:58][main.py:279]    expected p = 0.000%, 0.000%, 85.584%, 14.416%
[2018-09-06 19:01:58][main.py:280]    expected average budget = 2130310060.41 macc
[2018-09-06 19:02:03][main.py:293]    resulted average budget = 2129377475.34 macc
[2018-09-06 19:02:03][main.py:294]    resulted p = 0.000%, 0.000%, 85.778%, 14.222%
[2018-09-06 19:02:23][main.py:302]    CMC rank-1 = 87.767%, mAP = 73.236%
[2018-09-06 19:02:23][main.py:309]       exit on stage 1: 0.000% (0 / 3368)
[2018-09-06 19:02:23][main.py:309]       exit on stage 2: 0.000% (0 / 3368)
[2018-09-06 19:02:23][main.py:309]       exit on stage 3: 85.778% (2889 / 3368)
[2018-09-06 19:02:23][main.py:309]       exit on stage f: 14.222% (479 / 3368)
[2018-09-06 19:02:23][main.py:276] >> test case 40
[2018-09-06 19:02:23][main.py:279]    expected p = 0.000%, 0.000%, 77.026%, 22.974%
[2018-09-06 19:02:23][main.py:280]    expected average budget = 2171508558.37 macc
[2018-09-06 19:02:28][main.py:293]    resulted average budget = 2173827929.69 macc
[2018-09-06 19:02:28][main.py:294]    resulted p = 0.000%, 0.000%, 76.544%, 23.456%
[2018-09-06 19:02:49][main.py:302]    CMC rank-1 = 87.767%, mAP = 73.355%
[2018-09-06 19:02:49][main.py:309]       exit on stage 1: 0.000% (0 / 3368)
[2018-09-06 19:02:49][main.py:309]       exit on stage 2: 0.000% (0 / 3368)
[2018-09-06 19:02:49][main.py:309]       exit on stage 3: 76.544% (2578 / 3368)
[2018-09-06 19:02:49][main.py:309]       exit on stage f: 23.456% (790 / 3368)
[2018-09-06 19:02:49][main.py:276] >> test case 41
[2018-09-06 19:02:49][main.py:279]    expected p = 0.000%, 0.000%, 68.467%, 31.533%
[2018-09-06 19:02:49][main.py:280]    expected average budget = 2212707056.33 macc
[2018-09-06 19:02:54][main.py:293]    resulted average budget = 2210703226.22 macc
[2018-09-06 19:02:54][main.py:294]    resulted p = 0.000%, 0.000%, 68.884%, 31.116%
[2018-09-06 19:03:14][main.py:302]    CMC rank-1 = 88.183%, mAP = 73.548%
[2018-09-06 19:03:14][main.py:309]       exit on stage 1: 0.000% (0 / 3368)
[2018-09-06 19:03:14][main.py:309]       exit on stage 2: 0.000% (0 / 3368)
[2018-09-06 19:03:14][main.py:309]       exit on stage 3: 68.884% (2320 / 3368)
[2018-09-06 19:03:14][main.py:309]       exit on stage f: 31.116% (1048 / 3368)
[2018-09-06 19:03:14][main.py:276] >> test case 42
[2018-09-06 19:03:14][main.py:279]    expected p = 0.000%, 0.000%, 59.909%, 40.091%
[2018-09-06 19:03:14][main.py:280]    expected average budget = 2253905554.29 macc
[2018-09-06 19:03:19][main.py:293]    resulted average budget = 2258298085.70 macc
[2018-09-06 19:03:19][main.py:294]    resulted p = 0.000%, 0.000%, 58.996%, 41.004%
[2018-09-06 19:03:40][main.py:302]    CMC rank-1 = 87.500%, mAP = 73.482%
[2018-09-06 19:03:40][main.py:309]       exit on stage 1: 0.000% (0 / 3368)
[2018-09-06 19:03:40][main.py:309]       exit on stage 2: 0.000% (0 / 3368)
[2018-09-06 19:03:40][main.py:309]       exit on stage 3: 58.996% (1987 / 3368)
[2018-09-06 19:03:40][main.py:309]       exit on stage f: 41.004% (1381 / 3368)
[2018-09-06 19:03:40][main.py:276] >> test case 43
[2018-09-06 19:03:40][main.py:279]    expected p = 0.000%, 0.000%, 51.351%, 48.649%
[2018-09-06 19:03:40][main.py:280]    expected average budget = 2295104052.24 macc
[2018-09-06 19:03:45][main.py:293]    resulted average budget = 2296745584.80 macc
[2018-09-06 19:03:45][main.py:294]    resulted p = 0.000%, 0.000%, 51.010%, 48.990%
[2018-09-06 19:04:05][main.py:302]    CMC rank-1 = 88.124%, mAP = 73.576%
[2018-09-06 19:04:05][main.py:309]       exit on stage 1: 0.000% (0 / 3368)
[2018-09-06 19:04:05][main.py:309]       exit on stage 2: 0.000% (0 / 3368)
[2018-09-06 19:04:05][main.py:309]       exit on stage 3: 51.010% (1718 / 3368)
[2018-09-06 19:04:05][main.py:309]       exit on stage f: 48.990% (1650 / 3368)
[2018-09-06 19:04:05][main.py:276] >> test case 44
[2018-09-06 19:04:05][main.py:279]    expected p = 0.000%, 0.000%, 42.792%, 57.208%
[2018-09-06 19:04:05][main.py:280]    expected average budget = 2336302550.20 macc
[2018-09-06 19:04:11][main.py:293]    resulted average budget = 2342053604.18 macc
[2018-09-06 19:04:11][main.py:294]    resulted p = 0.000%, 0.000%, 41.597%, 58.403%
[2018-09-06 19:04:31][main.py:302]    CMC rank-1 = 88.094%, mAP = 73.838%
[2018-09-06 19:04:31][main.py:309]       exit on stage 1: 0.000% (0 / 3368)
[2018-09-06 19:04:31][main.py:309]       exit on stage 2: 0.000% (0 / 3368)
[2018-09-06 19:04:31][main.py:309]       exit on stage 3: 41.597% (1401 / 3368)
[2018-09-06 19:04:31][main.py:309]       exit on stage f: 58.403% (1967 / 3368)
[2018-09-06 19:04:31][main.py:276] >> test case 45
[2018-09-06 19:04:31][main.py:279]    expected p = 0.000%, 0.000%, 34.234%, 65.766%
[2018-09-06 19:04:31][main.py:280]    expected average budget = 2377501048.16 macc
[2018-09-06 19:04:37][main.py:293]    resulted average budget = 2377642553.16 macc
[2018-09-06 19:04:37][main.py:294]    resulted p = 0.000%, 0.000%, 34.204%, 65.796%
[2018-09-06 19:04:57][main.py:302]    CMC rank-1 = 88.510%, mAP = 73.969%
[2018-09-06 19:04:57][main.py:309]       exit on stage 1: 0.000% (0 / 3368)
[2018-09-06 19:04:57][main.py:309]       exit on stage 2: 0.000% (0 / 3368)
[2018-09-06 19:04:57][main.py:309]       exit on stage 3: 34.204% (1152 / 3368)
[2018-09-06 19:04:57][main.py:309]       exit on stage f: 65.796% (2216 / 3368)
[2018-09-06 19:04:57][main.py:276] >> test case 46
[2018-09-06 19:04:57][main.py:279]    expected p = 0.000%, 0.000%, 25.675%, 74.325%
[2018-09-06 19:04:57][main.py:280]    expected average budget = 2418699546.12 macc
[2018-09-06 19:05:03][main.py:293]    resulted average budget = 2419663239.90 macc
[2018-09-06 19:05:03][main.py:294]    resulted p = 0.000%, 0.000%, 25.475%, 74.525%
[2018-09-06 19:05:23][main.py:302]    CMC rank-1 = 88.124%, mAP = 73.885%
[2018-09-06 19:05:23][main.py:309]       exit on stage 1: 0.000% (0 / 3368)
[2018-09-06 19:05:23][main.py:309]       exit on stage 2: 0.000% (0 / 3368)
[2018-09-06 19:05:23][main.py:309]       exit on stage 3: 25.475% (858 / 3368)
[2018-09-06 19:05:23][main.py:309]       exit on stage f: 74.525% (2510 / 3368)
[2018-09-06 19:05:23][main.py:276] >> test case 47
[2018-09-06 19:05:23][main.py:279]    expected p = 0.000%, 0.000%, 17.117%, 82.883%
[2018-09-06 19:05:23][main.py:280]    expected average budget = 2459898044.08 macc
[2018-09-06 19:05:29][main.py:293]    resulted average budget = 2463970766.75 macc
[2018-09-06 19:05:29][main.py:294]    resulted p = 0.000%, 0.000%, 16.271%, 83.729%
[2018-09-06 19:05:49][main.py:302]    CMC rank-1 = 88.420%, mAP = 74.055%
[2018-09-06 19:05:49][main.py:309]       exit on stage 1: 0.000% (0 / 3368)
[2018-09-06 19:05:49][main.py:309]       exit on stage 2: 0.000% (0 / 3368)
[2018-09-06 19:05:49][main.py:309]       exit on stage 3: 16.271% (548 / 3368)
[2018-09-06 19:05:49][main.py:309]       exit on stage f: 83.729% (2820 / 3368)
[2018-09-06 19:05:49][main.py:276] >> test case 48
[2018-09-06 19:05:49][main.py:279]    expected p = 0.000%, 0.000%, 8.558%, 91.442%
[2018-09-06 19:05:49][main.py:280]    expected average budget = 2501096542.04 macc
[2018-09-06 19:05:55][main.py:293]    resulted average budget = 2501703628.31 macc
[2018-09-06 19:05:55][main.py:294]    resulted p = 0.000%, 0.000%, 8.432%, 91.568%
[2018-09-06 19:06:15][main.py:302]    CMC rank-1 = 88.450%, mAP = 74.225%
[2018-09-06 19:06:15][main.py:309]       exit on stage 1: 0.000% (0 / 3368)
[2018-09-06 19:06:15][main.py:309]       exit on stage 2: 0.000% (0 / 3368)
[2018-09-06 19:06:15][main.py:309]       exit on stage 3: 8.432% (284 / 3368)
[2018-09-06 19:06:15][main.py:309]       exit on stage f: 91.568% (3084 / 3368)
[2018-09-06 19:06:15][main.py:276] >> test case 49
[2018-09-06 19:06:15][main.py:279]    expected p = 0.000%, 0.000%, 0.000%, 100.000%
[2018-09-06 19:06:15][main.py:280]    expected average budget = 2542295040.00 macc
[2018-09-06 19:06:21][main.py:293]    resulted average budget = 2542295040.00 macc
[2018-09-06 19:06:21][main.py:294]    resulted p = 0.000%, 0.000%, 0.000%, 100.000%
[2018-09-06 19:06:41][main.py:302]    CMC rank-1 = 88.688%, mAP = 74.280%
[2018-09-06 19:06:41][main.py:309]       exit on stage 1: 0.000% (0 / 3368)
[2018-09-06 19:06:41][main.py:309]       exit on stage 2: 0.000% (0 / 3368)
[2018-09-06 19:06:41][main.py:309]       exit on stage 3: 0.000% (0 / 3368)
[2018-09-06 19:06:41][main.py:309]       exit on stage f: 100.000% (3368 / 3368)
[2018-09-06 19:06:41][main.py:323] CMC rank-1: 65.439%, 66.508%, 67.162%, 68.409%, 69.507%, 70.635%, 71.526%, 72.892%, 73.426%, 75.030%, 75.416%, 76.989%, 77.821%, 78.890%, 79.572%, 80.701%, 80.998%, 81.591%, 81.116%, 82.037%, 82.452%, 82.571%, 83.224%, 83.254%, 84.175%, 84.056%, 84.175%, 84.204%, 85.006%, 84.976%, 85.273%, 85.867%, 85.748%, 86.015%, 86.372%, 86.847%, 87.055%, 87.411%, 87.738%, 87.767%, 87.767%, 88.183%, 87.500%, 88.124%, 88.094%, 88.510%, 88.124%, 88.420%, 88.450%, 88.688%
[2018-09-06 19:06:41][main.py:324] expected average budgets: 523568640.00, 564767137.96, 605965635.92, 647164133.88, 688362631.84, 729561129.80, 770759627.76, 811958125.71, 853156623.67, 894355121.63, 935553619.59, 976752117.55, 1017950615.51, 1059149113.47, 1100347611.43, 1141546109.39, 1182744607.35, 1223943105.31, 1265141603.27, 1306340101.22, 1347538599.18, 1388737097.14, 1429935595.10, 1471134093.06, 1512332591.02, 1553531088.98, 1594729586.94, 1635928084.90, 1677126582.86, 1718325080.82, 1759523578.78, 1800722076.73, 1841920574.69, 1883119072.65, 1924317570.61, 1965516068.57, 2006714566.53, 2047913064.49, 2089111562.45, 2130310060.41, 2171508558.37, 2212707056.33, 2253905554.29, 2295104052.24, 2336302550.20, 2377501048.16, 2418699546.12, 2459898044.08, 2501096542.04, 2542295040.00
[2018-09-06 19:06:41][main.py:325] resulted average budgets: 523568640.00, 567656107.33, 608581182.48, 644483634.77, 690245309.72, 735448915.46, 769677160.13, 814322696.67, 848922987.48, 882221116.81, 938772129.75, 985463920.04, 1015785680.27, 1057640870.76, 1103960614.92, 1141537274.83, 1183357687.03, 1224193183.01, 1261513040.27, 1307486777.46, 1345888369.71, 1380503889.48, 1441621916.58, 1477048737.60, 1520588571.06, 1548984114.62, 1594687418.07, 1629843805.34, 1663107156.37, 1710973929.81, 1748834654.56, 1805625741.68, 1841322996.45, 1875668082.47, 1930836567.11, 1962747749.40, 2006558016.61, 2047393512.59, 2089929483.71, 2129377475.34, 2173827929.69, 2210703226.22, 2258298085.70, 2296745584.80, 2342053604.18, 2377642553.16, 2419663239.90, 2463970766.75, 2501703628.31, 2542295040.00
[2018-09-06 19:06:41][main.py:326] average budget misalign rate: 0.005%
